<?xml version="1.0" encoding="UTF-8"?>
<!-- Generated by org.testng.reporters.JUnitReportReporter -->
<testsuite hostname="DESKTOP-GNM24T0" failures="0" tests="1" name="com.Actitime.Generic.ActitimeLogin" time="13.797" errors="0" timestamp="2023-07-19T22:44:09 IST" skipped="0">
  <testcase classname="com.Actitime.Generic.ActitimeLogin" name="login" time="13.797"/>
</testsuite> <!-- com.Actitime.Generic.ActitimeLogin -->
