<?xml version="1.0" encoding="UTF-8"?>
<!-- Generated by org.testng.reporters.JUnitReportReporter -->
<testsuite hostname="DESKTOP-GNM24T0" failures="0" tests="1" name="com.TakesScreenshot.generic.ZomatoScreenShots" time="21.980" errors="0" timestamp="2023-07-14T01:30:25 IST" skipped="0">
  <testcase classname="com.TakesScreenshot.generic.ZomatoScreenShots" name="screenShot" time="21.980"/>
</testsuite> <!-- com.TakesScreenshot.generic.ZomatoScreenShots -->
