<?xml version="1.0" encoding="UTF-8"?>
<!-- Generated by org.testng.reporters.JUnitReportReporter -->
<testsuite hostname="DESKTOP-GNM24T0" failures="0" tests="1" name="com.latestAssignments.testscrripts.flipkartIphoneTitlesPrint" time="46.287" errors="1" timestamp="2023-07-16T14:28:33 IST" skipped="0">
  <testcase classname="com.latestAssignments.testscrripts.flipkartIphoneTitlesPrint" name="allTitles" time="46.287">
    <error message="no such element: Unable to locate element: {&quot;method&quot;:&quot;xpath&quot;,&quot;selector&quot;:&quot;//button[text()=&#039;✕&#039;]&quot;}
  (Session info: chrome=114.0.5735.199)
For documentation on this error, please visit: https://www.selenium.dev/documentation/webdriver/troubleshooting/errors#no-such-element-exception
Build info: version: &#039;4.10.0&#039;, revision: &#039;c14d967899&#039;
System info: os.name: &#039;Windows 10&#039;, os.arch: &#039;amd64&#039;, os.version: &#039;10.0&#039;, java.version: &#039;19.0.2&#039;
Driver info: org.openqa.selenium.chrome.ChromeDriver
Command: [6194aa8b6dc8f9d081a5e9373b98059a, findElement {using=xpath, value=//button[text()=&#039;✕&#039;]}]
Capabilities {acceptInsecureCerts: false, browserName: chrome, browserVersion: 114.0.5735.199, chrome: {chromedriverVersion: 114.0.5735.90 (386bc09e8f4f..., userDataDir: C:\Users\pc\AppData\Local\T...}, goog:chromeOptions: {debuggerAddress: localhost:63731}, networkConnectionEnabled: false, pageLoadStrategy: normal, platformName: windows, proxy: Proxy(), se:cdp: ws://localhost:63731/devtoo..., se:cdpVersion: 114.0.5735.199, setWindowRect: true, strictFileInteractability: false, timeouts: {implicit: 0, pageLoad: 300000, script: 30000}, unhandledPromptBehavior: dismiss and notify, webauthn:extension:credBlob: true, webauthn:extension:largeBlob: true, webauthn:extension:minPinLength: true, webauthn:extension:prf: true, webauthn:virtualAuthenticators: true}
Session ID: 6194aa8b6dc8f9d081a5e9373b98059a" type="org.openqa.selenium.NoSuchElementException">
      <![CDATA[org.openqa.selenium.NoSuchElementException: no such element: Unable to locate element: {"method":"xpath","selector":"//button[text()='✕']"}
  (Session info: chrome=114.0.5735.199)
For documentation on this error, please visit: https://www.selenium.dev/documentation/webdriver/troubleshooting/errors#no-such-element-exception
Build info: version: '4.10.0', revision: 'c14d967899'
System info: os.name: 'Windows 10', os.arch: 'amd64', os.version: '10.0', java.version: '19.0.2'
Driver info: org.openqa.selenium.chrome.ChromeDriver
Command: [6194aa8b6dc8f9d081a5e9373b98059a, findElement {using=xpath, value=//button[text()='✕']}]
Capabilities {acceptInsecureCerts: false, browserName: chrome, browserVersion: 114.0.5735.199, chrome: {chromedriverVersion: 114.0.5735.90 (386bc09e8f4f..., userDataDir: C:\Users\pc\AppData\Local\T...}, goog:chromeOptions: {debuggerAddress: localhost:63731}, networkConnectionEnabled: false, pageLoadStrategy: normal, platformName: windows, proxy: Proxy(), se:cdp: ws://localhost:63731/devtoo..., se:cdpVersion: 114.0.5735.199, setWindowRect: true, strictFileInteractability: false, timeouts: {implicit: 0, pageLoad: 300000, script: 30000}, unhandledPromptBehavior: dismiss and notify, webauthn:extension:credBlob: true, webauthn:extension:largeBlob: true, webauthn:extension:minPinLength: true, webauthn:extension:prf: true, webauthn:virtualAuthenticators: true}
Session ID: 6194aa8b6dc8f9d081a5e9373b98059a
at java.base/jdk.internal.reflect.DirectConstructorHandleAccessor.newInstance(DirectConstructorHandleAccessor.java:67)
at java.base/java.lang.reflect.Constructor.newInstanceWithCaller(Constructor.java:500)
at java.base/java.lang.reflect.Constructor.newInstance(Constructor.java:484)
at org.openqa.selenium.remote.codec.w3c.W3CHttpResponseCodec.createException(W3CHttpResponseCodec.java:199)
at org.openqa.selenium.remote.codec.w3c.W3CHttpResponseCodec.decode(W3CHttpResponseCodec.java:132)
at org.openqa.selenium.remote.codec.w3c.W3CHttpResponseCodec.decode(W3CHttpResponseCodec.java:51)
at org.openqa.selenium.remote.HttpCommandExecutor.execute(HttpCommandExecutor.java:191)
at org.openqa.selenium.remote.service.DriverCommandExecutor.invokeExecute(DriverCommandExecutor.java:196)
at org.openqa.selenium.remote.service.DriverCommandExecutor.execute(DriverCommandExecutor.java:171)
at org.openqa.selenium.remote.RemoteWebDriver.execute(RemoteWebDriver.java:531)
at org.openqa.selenium.remote.ElementLocation$ElementFinder$2.findElement(ElementLocation.java:165)
at org.openqa.selenium.remote.ElementLocation.findElement(ElementLocation.java:59)
at org.openqa.selenium.remote.RemoteWebDriver.findElement(RemoteWebDriver.java:350)
at org.openqa.selenium.remote.RemoteWebDriver.findElement(RemoteWebDriver.java:344)
at com.latestAssignments.testscrripts.flipkartIphoneTitlesPrint.allTitles(flipkartIphoneTitlesPrint.java:20)
at java.base/jdk.internal.reflect.DirectMethodHandleAccessor.invoke(DirectMethodHandleAccessor.java:104)
at java.base/java.lang.reflect.Method.invoke(Method.java:578)
at org.testng.internal.invokers.MethodInvocationHelper.invokeMethod(MethodInvocationHelper.java:139)
at org.testng.internal.invokers.TestInvoker.invokeMethod(TestInvoker.java:664)
at org.testng.internal.invokers.TestInvoker.invokeTestMethod(TestInvoker.java:227)
at org.testng.internal.invokers.MethodRunner.runInSequence(MethodRunner.java:50)
at org.testng.internal.invokers.TestInvoker$MethodInvocationAgent.invoke(TestInvoker.java:957)
at org.testng.internal.invokers.TestInvoker.invokeTestMethods(TestInvoker.java:200)
at org.testng.internal.invokers.TestMethodWorker.invokeTestMethods(TestMethodWorker.java:148)
at org.testng.internal.invokers.TestMethodWorker.run(TestMethodWorker.java:128)
at java.base/java.util.concurrent.ThreadPoolExecutor.runWorker(ThreadPoolExecutor.java:1144)
at java.base/java.util.concurrent.ThreadPoolExecutor$Worker.run(ThreadPoolExecutor.java:642)
at java.base/java.lang.Thread.run(Thread.java:1589)
]]>
    </error>
  </testcase> <!-- allTitles -->
  <system-out>
    <![CDATA[BBC latest Business News:
1. UK agrees to join Asia's trade club - but what is it?
2. Gatwick to be hit by strikes over summer holidays
3. Rapid price rises 'embedded', forecaster warns
4. US probes ChatGPT over risks from false answers
5. Woman to lead Australia central bank for first time
Wipro Careers | Discover a World of Opportunities
Wipro Careers | Discover a World of Opportunities
Filters List







115 Wipro Job Vacancies In Bangalore - Bengaluru
Wipro Fresher Jobs In Bangalore - Bengaluru
266 Wipro Jobs and Vacancies in Bengaluru, Karnataka
Urgent: Wipro freshers Jobs in Bangalore - July 2023
32 Wipro Jobs in Bangalore, Karnataka
3000+ Wipro jobs in India (85 new)
Wipro Jobs Openings In Bangalore
More results

flight Name : Akasa Air ----->  deprture time : 10:00
flight Name : IndiGo ----->  deprture time : 06:35
flight Name : IndiGo ----->  deprture time : 20:10
flight Name : IndiGo ----->  deprture time : 21:30
flight Name : Akasa Air ----->  deprture time : 10:00
flight Name : Vistara ----->  deprture time : 12:45
flight Name : Air Asia ----->  deprture time : 04:10
flight Name : Air Asia ----->  deprture time : 12:50
flight Name : Air Asia ----->  deprture time : 22:10
flight Name : Alliance Air ----->  deprture time : 17:10
flight Name : IndiGo ----->  deprture time : 13:00
flight Name : IndiGo ----->  deprture time : 10:20
flight Name : Air India ----->  deprture time : 12:05
flight Name : Air India ----->  deprture time : 21:25
flight Name : Air India ----->  deprture time : 09:20
flight Name : Air India ----->  deprture time : 12:05
flight Name : IndiGo ----->  deprture time : 05:00
flight Name : Air Asia ----->  deprture time : 13:20
flight Name : Air Asia ----->  deprture time : 14:05
flight Name : Air Asia ----->  deprture time : 13:20
flight Name : Air Asia ----->  deprture time : 07:45
flight Name : Air Asia ----->  deprture time : 07:45
flight Name : Air Asia ----->  deprture time : 05:20
flight Name : Air Asia ----->  deprture time : 05:20
flight Name : IndiGo ----->  deprture time : 16:30
flight Name : IndiGo ----->  deprture time : 13:45
flight Name : IndiGo ----->  deprture time : 07:05
flight Name : IndiGo ----->  deprture time : 18:45
flight Name : IndiGo ----->  deprture time : 10:15
flight Name : Air Asia ----->  deprture time : 15:40
flight Name : Air Asia ----->  deprture time : 14:05
flight Name : IndiGo ----->  deprture time : 08:30
flight Name : IndiGo ----->  deprture time : 06:00
flight Name : IndiGo ----->  deprture time : 04:05
flight Name : IndiGo ----->  deprture time : 10:25
flight Name : IndiGo ----->  deprture time : 09:20
flight Name : IndiGo ----->  deprture time : 12:40
flight Name : IndiGo ----->  deprture time : 07:25
flight Name : IndiGo ----->  deprture time : 22:40
flight Name : IndiGo ----->  deprture time : 05:15
flight Name : IndiGo ----->  deprture time : 12:40
flight Name : IndiGo ----->  deprture time : 10:25]]>
  </system-out>
</testsuite> <!-- com.latestAssignments.testscrripts.flipkartIphoneTitlesPrint -->
