<?xml version="1.0" encoding="UTF-8"?>
<!-- Generated by org.testng.reporters.JUnitReportReporter -->
<testsuite hostname="DESKTOP-GNM24T0" failures="0" tests="1" name="com.bharath.Assignments.genericUtility.SortedOrderListBox" time="3.010" errors="0" timestamp="2023-07-11T00:28:54 IST" skipped="0">
  <testcase classname="com.bharath.Assignments.genericUtility.SortedOrderListBox" name="SortingTest" time="3.010"/>
  <system-out>
    <![CDATA[Thuesday
Wednesday
Thursday
Friday
Saturday
Sunday
Monday
Monday]]>
  </system-out>
</testsuite> <!-- com.bharath.Assignments.genericUtility.SortedOrderListBox -->
