<?xml version="1.0" encoding="UTF-8"?>
<!-- Generated by org.testng.reporters.JUnitReportReporter -->
<testsuite hostname="DESKTOP-GNM24T0" failures="0" tests="1" name="com.Actitime.pom.TestMainMethod" time="22.105" errors="0" timestamp="2023-07-14T21:54:42 IST" skipped="0">
  <testcase classname="com.Actitime.pom.TestMainMethod" name="executeTest" time="22.105"/>
</testsuite> <!-- com.Actitime.pom.TestMainMethod -->
