<?xml version="1.0" encoding="UTF-8"?>
<!-- Generated by org.testng.reporters.JUnitReportReporter -->
<testsuite hostname="DESKTOP-GNM24T0" failures="0" tests="1" name="com.Lokesh.Actitime.Generic.ActitimePreAndPostConditions" time="21.744" errors="0" timestamp="2023-07-10T22:50:49 IST" skipped="0">
  <testcase classname="com.Lokesh.Actitime.Generic.ActitimePreAndPostConditions" name="bankingTest" time="21.744"/>
</testsuite> <!-- com.Lokesh.Actitime.Generic.ActitimePreAndPostConditions -->
