<?xml version="1.0" encoding="UTF-8"?>
<!-- Generated by org.testng.reporters.JUnitReportReporter -->
<testsuite hostname="DESKTOP-GNM24T0" failures="0" tests="1" name="com.Actitime.pom.NewActiTest" time="30.291" errors="0" timestamp="2023-07-15T14:45:09 IST" skipped="0">
  <testcase classname="com.Actitime.pom.NewActiTest" name="LoginPage" time="30.291">
    <system-out>
      <![CDATA[hai]]>
    </system-out>
  </testcase> <!-- LoginPage -->
  <system-out>
    <![CDATA[hai]]>
  </system-out>
</testsuite> <!-- com.Actitime.pom.NewActiTest -->
