<?xml version="1.0" encoding="UTF-8"?>
<!-- Generated by org.testng.reporters.JUnitReportReporter -->
<testsuite hostname="DESKTOP-GNM24T0" failures="0" tests="1" name="com.Lokesh.Sauce.GenericUtility.SauceExecution1" time="7.245" errors="0" timestamp="2023-07-11T00:28:01 IST" skipped="0">
  <testcase classname="com.Lokesh.Sauce.GenericUtility.SauceExecution1" name="executionSauceTest" time="7.245"/>
  <system-out>
    <![CDATA[Thuesday
Wednesday
Thursday
Friday
Saturday
Sunday
pass
Pass: Login page is displayed and it ia verified
Monday
Monday]]>
  </system-out>
</testsuite> <!-- com.Lokesh.Sauce.GenericUtility.SauceExecution1 -->
