<?xml version="1.0" encoding="UTF-8"?>
<!-- Generated by org.testng.reporters.JUnitReportReporter -->
<testsuite hostname="DESKTOP-GNM24T0" failures="0" tests="2" name="com.Lokesh.Actions.testscripts.UsageOfVtigerDoubleClick" time="149.785" errors="1" timestamp="2023-07-27T21:25:58 IST" skipped="0">
  <testcase classname="com.Lokesh.Actions.testscripts.UsageOfVtigerDoubleClick" name="doubleClickTest" time="126.961">
    <system-out>
      <![CDATA[Test started
Pass: Login page is displayed and it ia verified
Test success]]>
    </system-out>
  </testcase> <!-- doubleClickTest -->
  <testcase classname="com.Lokesh.Actions.testscripts.UsageOfVtigerDoubleClick" name="postCondition" time="22.824">
    <error message="Timed out waiting for driver server to stop.
Build info: version: &#039;4.10.0&#039;, revision: &#039;c14d967899&#039;
System info: os.name: &#039;Windows 10&#039;, os.arch: &#039;amd64&#039;, os.version: &#039;10.0&#039;, java.version: &#039;19.0.2&#039;
Driver info: org.openqa.selenium.edge.EdgeDriver
Command: [58f4c2c2ad8fefba9db08b2e362d1961, quit {}]
Capabilities {acceptInsecureCerts: false, browserName: msedge, browserVersion: 115.0.1901.183, ms:edgeOptions: {debuggerAddress: localhost:51342}, msedge: {msedgedriverVersion: 115.0.1901.183 (db29db5e66a..., userDataDir: C:\Users\pc\AppData\Local\T...}, networkConnectionEnabled: false, pageLoadStrategy: normal, platformName: windows, proxy: Proxy(), se:cdp: ws://localhost:51342/devtoo..., se:cdpVersion: 115.0.1901.183, setWindowRect: true, strictFileInteractability: false, timeouts: {implicit: 0, pageLoad: 300000, script: 30000}, unhandledPromptBehavior: dismiss and notify, webauthn:extension:credBlob: true, webauthn:extension:largeBlob: true, webauthn:extension:minPinLength: true, webauthn:extension:prf: true, webauthn:virtualAuthenticators: true}
Session ID: 58f4c2c2ad8fefba9db08b2e362d1961" type="org.openqa.selenium.WebDriverException">
      <![CDATA[org.openqa.selenium.WebDriverException: Timed out waiting for driver server to stop.
Build info: version: '4.10.0', revision: 'c14d967899'
System info: os.name: 'Windows 10', os.arch: 'amd64', os.version: '10.0', java.version: '19.0.2'
Driver info: org.openqa.selenium.edge.EdgeDriver
Command: [58f4c2c2ad8fefba9db08b2e362d1961, quit {}]
Capabilities {acceptInsecureCerts: false, browserName: msedge, browserVersion: 115.0.1901.183, ms:edgeOptions: {debuggerAddress: localhost:51342}, msedge: {msedgedriverVersion: 115.0.1901.183 (db29db5e66a..., userDataDir: C:\Users\pc\AppData\Local\T...}, networkConnectionEnabled: false, pageLoadStrategy: normal, platformName: windows, proxy: Proxy(), se:cdp: ws://localhost:51342/devtoo..., se:cdpVersion: 115.0.1901.183, setWindowRect: true, strictFileInteractability: false, timeouts: {implicit: 0, pageLoad: 300000, script: 30000}, unhandledPromptBehavior: dismiss and notify, webauthn:extension:credBlob: true, webauthn:extension:largeBlob: true, webauthn:extension:minPinLength: true, webauthn:extension:prf: true, webauthn:virtualAuthenticators: true}
Session ID: 58f4c2c2ad8fefba9db08b2e362d1961
at org.openqa.selenium.remote.service.DriverCommandExecutor.execute(DriverCommandExecutor.java:161)
at org.openqa.selenium.remote.RemoteWebDriver.execute(RemoteWebDriver.java:531)
at org.openqa.selenium.remote.RemoteWebDriver.execute(RemoteWebDriver.java:590)
at org.openqa.selenium.remote.RemoteWebDriver.execute(RemoteWebDriver.java:594)
at org.openqa.selenium.remote.RemoteWebDriver.quit(RemoteWebDriver.java:446)
at org.openqa.selenium.chromium.ChromiumDriver.quit(ChromiumDriver.java:341)
at vtigerPreAndPost.VtigerPreAndPostConditions.postCondition(VtigerPreAndPostConditions.java:36)
at java.base/jdk.internal.reflect.DirectMethodHandleAccessor.invoke(DirectMethodHandleAccessor.java:104)
at java.base/java.lang.reflect.Method.invoke(Method.java:578)
at org.testng.internal.invokers.MethodInvocationHelper.invokeMethod(MethodInvocationHelper.java:139)
at org.testng.internal.invokers.MethodInvocationHelper.invokeMethodConsideringTimeout(MethodInvocationHelper.java:69)
at org.testng.internal.invokers.ConfigInvoker.invokeConfigurationMethod(ConfigInvoker.java:390)
at org.testng.internal.invokers.ConfigInvoker.invokeConfigurations(ConfigInvoker.java:325)
at org.testng.internal.invokers.TestInvoker.runConfigMethods(TestInvoker.java:810)
at org.testng.internal.invokers.TestInvoker.runAfterConfigurations(TestInvoker.java:779)
at org.testng.internal.invokers.TestInvoker.invokeMethod(TestInvoker.java:755)
at org.testng.internal.invokers.TestInvoker.invokeTestMethod(TestInvoker.java:227)
at org.testng.internal.invokers.MethodRunner.runInSequence(MethodRunner.java:50)
at org.testng.internal.invokers.TestInvoker$MethodInvocationAgent.invoke(TestInvoker.java:957)
at org.testng.internal.invokers.TestInvoker.invokeTestMethods(TestInvoker.java:200)
at org.testng.internal.invokers.TestMethodWorker.invokeTestMethods(TestMethodWorker.java:148)
at org.testng.internal.invokers.TestMethodWorker.run(TestMethodWorker.java:128)
at java.base/java.util.concurrent.ThreadPoolExecutor.runWorker(ThreadPoolExecutor.java:1144)
at java.base/java.util.concurrent.ThreadPoolExecutor$Worker.run(ThreadPoolExecutor.java:642)
at java.base/java.lang.Thread.run(Thread.java:1589)
Caused by: java.util.concurrent.ExecutionException: org.openqa.selenium.TimeoutException: Process timed out after waiting for 20000 ms.
Build info: version: '4.10.0', revision: 'c14d967899'
System info: os.name: 'Windows 10', os.arch: 'amd64', os.version: '10.0', java.version: '19.0.2'
Driver info: driver.version: unknown
at java.base/java.util.concurrent.CompletableFuture.reportGet(CompletableFuture.java:396)
at java.base/java.util.concurrent.CompletableFuture.get(CompletableFuture.java:2096)
at org.openqa.selenium.remote.service.DriverCommandExecutor.execute(DriverCommandExecutor.java:157)
... 24 more
Caused by: org.openqa.selenium.TimeoutException: Process timed out after waiting for 20000 ms.
Build info: version: '4.10.0', revision: 'c14d967899'
System info: os.name: 'Windows 10', os.arch: 'amd64', os.version: '10.0', java.version: '19.0.2'
Driver info: driver.version: unknown
at org.openqa.selenium.os.OsProcess.waitFor(OsProcess.java:183)
at org.openqa.selenium.os.CommandLine.waitFor(CommandLine.java:117)
at org.openqa.selenium.remote.service.DriverCommandExecutor.lambda$execute$2(DriverCommandExecutor.java:148)
at java.base/java.util.concurrent.CompletableFuture$AsyncSupply.run(CompletableFuture.java:1768)
... 3 more
]]>
    </error>
  </testcase> <!-- postCondition -->
  <system-out>
    <![CDATA[Test started
Test started
Test success
Test started
Test started
iphone 14 pro max
iphone 14 pro max
iphone 14 pro max
iphone 14 pro max
iphone 14 pro max
iphone 14 pro max
iphone 14 pro max
iphone 14 pro max
Test success
Test started
Jan
Feb
Mar
Test started
Apr
May
Jun
Jul
Aug
Sep
Oct
Nov
Dec
Test success
Test started
Gmail
Images

Sign in

हिन्दी
বাংলা
తెలుగు
मराठी
தமிழ்
ગુજરાતી
ಕನ್ನಡ
മലയാളം
ਪੰਜਾਬੀ
About
Advertising
Business
How Search works
Privacy
Terms





Test success
Test started
Test started
Test started
Thuesday
Wednesday
Thursday
Friday
Saturday
Sunday
Test success
Test started
selenium
selenium interview questions
selenium download
selenium tutorial
selenium webdriver
selenium rich foods
selenium ide for chrome
selenium dev
selenium testing
selenium grid
Test success
pass
Test success
Test started
Test started
Monday
Monday
Test success
Pass: Customer has Created Successfully and it is verified
Test success
Test started
Pass: Project has created successfully and it is verified.
Test success
Test started
Pass: Task has created successfully and it is verified.
Test success
Test started
Test started
Pass: Login page is displayed and it ia verified
Test success
Test started
Test success
Test started
Test success
Test started
Test success
Test started
Test success
Test started

Explore Plus
Login
Become a Seller
Cart
Grocery
Mobiles
Fashion
Electronics
Home & Furniture
Appliances
Travel
Top Offers
Beauty, Toys & More
Beauty & Personal Care
Men's Grooming
Food & Drinks
Nutrition & Health Care
Baby Care
Toys & School Supplies
Sports & Fitness
Books
Music
Stationery & Office Supplies
Auto Accessories
Safety & Hygiene Essentials
MORE IN BEAUTY & PERSONAL CARE
View All
Bath & Oral Care
Personal Hygiene
Eye Makeup
Face Makeup
Lip Makeup
Hair Care
Bath Essentials
Women's Personal Hygiene
Body & Skin Care
Luxury
Top Brand Deals
Beauty & Personal Care
Men's Grooming
Food & Drinks
Nutrition & Health Care
Baby Care
Toys & School Supplies
Sports & Fitness
Books
Music
Stationery & Office Supplies
Auto Accessories
Safety & Hygiene Essentials
View All
Bath & Oral Care
Personal Hygiene
Eye Makeup
Face Makeup
Lip Makeup
Hair Care
Bath Essentials
Women's Personal Hygiene
Body & Skin Care
Luxury
Top Brand Deals
Two Wheelers






VIEW ALL
Printers
From ₹3999
HP
Top Mirrorless Cameras
Shop Now!
Canon, Sony, Fujifilm...
Premium PowerBanks
Shop Now
Mi, realme & more
Best of Trimmers
From ₹399
realme, Mi, Philips & more





VIEW ALL
Tricycles & Rideons
Up to 70% Off
Figurines, Battle Toys & more
Gym Essentials
From ₹139
Shop Now
Geared Cycles
From ₹ 3999
Leader, Cradiac & more
Rider Helmets
From 699
Vega, Steelbird, HRX and More
Soft Toys
Upto 70% Off
Stuffed Toys, Plush Toys & more



VIEW ALL
Sandals & Floaters
Min. 70% Off
Casual Shoes
Min. 70% Off
Wrist Watches
Min. 90% Off
Women's Sarees
Min. 50% Off
Slippers & Flip Flops
Min. 70% Off







Brand Directory
One Pieces
Fashion EOSS Sale
Trend Stop
Flipkart Axis Bank Super Elite Credit card
5G Mobile Phones
Primebook Laptops
Moto Edge 40
Bounce Infinity E1
Buy Laptop on EMI
Infinix Zero Book Ultra
OPPO Reno8 5G
OPPO Reno8 Pro 5G
Fresh Flower Bouquet
Electric Cycles
Badminton
iphone 14
Bouquet
Laptop Repair Services
AC Cleaning Services
Oneplus Monitors
Grievance Redressal
Mobile Repair Services
Sell Old Mobile Phones
Premium Laptops
Electronics Store
Phone cover
Infinix INBook Y1 Plus
Okaya Electric Vehicles
bgauss electric scooter
OPPO Reno7 Pro 5G
iPhone 13
iPhone 13 Pro
iPhone 13 Pro Max
iPhone 13 Mini
Google Pixel 6a covers
Flipkart Quick
Ampere Magnus
Flipkart Help Centre
Online Boat Store
Covers from Rs 99
Flipkart Track Orders
Flipkart Manage Orders
Flipkart Return Orders
Flipkart Gift Cards Store
Flipkart Axis Bank Credit Card
Flipkart Pay Later
iPhone 12 64GB
iPhone 12 Pro 512GB
iPhone 12 128GB
Vivo Y91i
Vivo Y11
Vivo Y15
SAMSUNG Galaxy S21 FE 5G
Infinix HOT 30i
Realme 10 Pro 5G
MOTOROLA G32
MOTOROLA G62 5G
Nothing Phone
REDMI Note 12 Pro 5G
Infinix SMART 7
Vivo Y50
Vivo Y12
Reno2 F
Oppo A12
Nothing Phone 5g
Google Pixel 5g Phone
Motorola 5g Phone
Realme 5g Smartphone
Apple 5g Phone
Iqoo 5g Phones
Oneplus 5g Phones
Vivo 5g Phones
Oppo 5g Smart Phones
Oppo F15
Oppo A31
Samsung A71
Samsung A51
Samsung A31
Realme X2
iPhone 11
iPhone 11 Pro
Mobile Cover
Mobile Offers
iphone x
4G Mobile
Nokia Mobile
Samsung Mobile
iphone
Oppo Mobile
Vivo Mobile
GoPro Action Camera
Nikon Camera
Canon Camera
Sony Camera
Canon DSLR
Nikon DSLR
Asus ROG Ally
MacBook Pro M2
Premium Laptop
ASUS ROG Strix SCAR 16 (2023) Core i9 13th Gen
ASUS ROG Zephyrus M16 (2023) Core i9 13th Gen
ASUS Zenbook 14 OLED (2022)
Realme Book Prime Core i5 11th Gen
Microsoft Surface Go Pentium 128GB
Branded Laptops
Apple Laptops
Acer Laptops
Lenovo Laptops
Dell Laptops
Asus Laptops
HP Laptops
Gaming Laptops
2 in 1 Laptops
Laptops
Dell latest laptops 2022
HP latest laptops 2022
Infinix INBook Y1 Plus
SAMSUNG Galaxy Book3
12th Gen Intel Core Laptops
Nokia TV
Panasonic TV
Thomson TV
Mi X Pro
Realme TV
Motorola TV
OnePlus TVs
LG TV
TV
Sony TV
Samsung TV
Android Television
Iffalcon Tv
Mi TV
TV & Appliances End of Season Sale
Television
Washing Machines
Refrigerators
Air Conditioners
Electric Cookers
Electric Jug(Heater) / Travel Kettles
Induction Cooktops
Inverters / stabilizer
Irons / Iron Box
Mixer Grinder Juicer
Wet Grinders
Chimneys
Microwave Ovens
Vacuum Cleaners
Water Purifier
Fan
MarQ Customer Care
Green bridal lehenga
Bridal Blouse
Half saree blouse designs
Designer blouses
Blouse designs
Men Shirts
Plain suit with heavy dupatta
Half saree for kids
Cotton saree blouse designs
Kurta Pajama
Men T-Shirts
New blouse design
Jeans
Bridal designer blouse
Simple aari work blouse designs
Bridal banarasi sarees
Saree
High waist panties
Hooded jacket women
Dresses
Hoodie tshirts for men
One pieces
Hip hop cap for men
Groom wedding sherwani
Designer Salwar Suits
Bra
Aari work blouse hand designs
Cotton simple blouse designs
Banarasi saree blouse designs
Designer Kurtis
Stylish blouse astin design
Track Pant
Blouse neck designs
Men Kurtas
V neck blouse designs
Gym Wear
Party Dresses
Palazzo Suits
Boys Clothing
Gloves
Nighty
Maxi Dresses
Anarkali
Gowns
Culottes
Salwar Suits
Kurtis
Designer Sarees
Leggings
Shorts
Georgette Sarees
Ethnic Wear
Briefs & Trunks
Nike Watches
Women henley
uppada pattu sarees
Blouse back design
Leopard dresses
Test success
Test started
Test success
Test started
Sleeveless shrugs
Latest blouse designs
Simple Blouse designs
Shoes
Adidas Shoes
Reebok Shoes
Nike Shoes
Puma Shoes
Boots
Bata Shoes
Woodland Shoes
Skechers Shoes
Sneakers
Womens Boots
Sports Shoes
Loafers
Sandals
Lotto Sports Shoes
Casual Shoes
Womens Skechers Shoes
Asics Sports Shoes
Formal Shoes
School Shoes
PhonePe Grocery Voucher
Hand Wash
Soap
Cashew Nuts
Sunflower Oil
Eggs
Toilet Cleaner
Harpic Toilet Cleaner
Dettol Soap
Mustard Oil
Biscuits
Cheese
Patanjali Atta
Fortune Oil
Aashirvaad Atta
Tea
Fire-Boltt Ninja Calling Pro Bluetooth Calling Smartwatch 1.69 inch HD Display Smartwatch
Best Gas Geyser
Kitchen Geyser
Nutri Blenders
Portable Air Cooler
Best Air Cooler
Bags
Hitachi Refrigerator 3 Door
Books
Toys
Candles
Helmets
Wall Clocks
Baby Food
Chocolates
Cycles
Calculators
Lipsticks
Mask
Vertiv UPS
Fastrack Watches
Wallets
Earrings
Gold Coins
Realme Pad Mini
Handbags
conekt SW2 Smartwatch
Mivi DuoPods a350
Speaker Cleaner
Furniture
Sofas
Beds
Dining sets
Wardrobes
Mattresses
TV Units
Tables
Chairs
Shelves
Bean Bags
Office Chairs
Computer Table
Office Tables
Red Sofa
Wakefit Beds
White Sofa
Wakefit Mattress
Green Sofa
Black Sofa
Brown Sofa
Whey Protein
Homeopathy
Cricket
Cycles
Footballs
Treadmills
Christmas Gifts
Fitness Accessories
Online Guitar
Books Store
Musical Instrument Store
Dabur Chyawanprash
Baidyanath Chyawanprash
Energy Drinks
Toys
Milk Drink Mixes
Rakhi
Chyawanprash
Indian Flag
Protein Supplements
Purchases.oni@flipkart.com
Contact Us
About Us
Careers
Flipkart Stories
Press
Flipkart Wholesale
Corporate Information
Payments
Shipping
Cancellation & Returns
FAQ
Report Infringement
Cancellation & Returns
Terms Of Use
Security
Privacy
Sitemap
Grievance Redressal
EPR Compliance
Facebook
Twitter
YouTube
044-45614700
Become a Seller
Advertise
Gift Cards
Help Center
Test success
Test started
BBC latest Business News:
1. Spring surge in US economy beats expectations
2. Coutts Bank boss quits over Farage account row
3. Wizz Air passengers may get refunds as claims reopened
4. US raises interest rates to highest in 22 years
Test success
Test started
QSpiders
QSpiders BTM - Software Testing Training & Placement Institute
QSpiders Rajajinagar
QSpiders Basavanagudi
QSpiders Hebbal
Software Training Institute · RISANDRO centre, QSpiders, 5th Block, 3rd Floor, No.1815, Outer Ring Rd, 1st Stage, HBR Layout, Bengaluru, Karnataka
Test success
Test started
Test success
Test started
Test started
Test success
Test started
Test started
Test success
Test started
Test success
Test success
Test started
Test started
Test success
Test started
Wipro Careers | Discover a World of Opportunities
Apply Now
Opportunities
India
Job Opportunities in India
Filters List







133 Wipro Job Vacancies In Bangalore
Wipro Fresher Jobs In Bangalore - Bengaluru
327 Wipro Jobs and Vacancies in Bengaluru, Karnataka
wipro jobs in whitefield, bengaluru, karnataka
2000+ Wipro jobs in India (85 new)
Urgent: Wipro freshers Jobs in Bangalore - July 2023 - Jooble
Test success
Test success]]>
  </system-out>
</testsuite> <!-- com.Lokesh.Actions.testscripts.UsageOfVtigerDoubleClick -->
