<?xml version="1.0" encoding="UTF-8"?>
<!-- Generated by org.testng.reporters.JUnitReportReporter -->
<testsuite hostname="DESKTOP-GNM24T0" failures="0" tests="1" name="com.Lokesh.Actions.GenericUtility.UsageOfVtigerDoubleClick" time="26.601" errors="0" timestamp="2023-07-11T00:28:01 IST" skipped="0">
  <testcase classname="com.Lokesh.Actions.GenericUtility.UsageOfVtigerDoubleClick" name="doubleClickTest" time="26.601">
    <system-out>
      <![CDATA[Pass: Login page is displayed and it ia verified]]>
    </system-out>
  </testcase> <!-- doubleClickTest -->
  <system-out>
    <![CDATA[Thuesday
Wednesday
Thursday
Friday
Saturday
Sunday
pass
Pass: Login page is displayed and it ia verified
Monday
Monday]]>
  </system-out>
</testsuite> <!-- com.Lokesh.Actions.GenericUtility.UsageOfVtigerDoubleClick -->
