<?xml version="1.0" encoding="UTF-8"?>
<!-- Generated by org.testng.reporters.JUnitReportReporter -->
<testsuite hostname="DESKTOP-GNM24T0" failures="0" tests="1" name="com.Actitme.testscripts.TestMainMethod" time="6.475" errors="1" timestamp="2023-07-15T13:48:38 IST" skipped="0">
  <testcase classname="com.Actitme.testscripts.TestMainMethod" name="actitme" time="6.475">
    <error type="java.lang.StackOverflowError">
      <![CDATA[java.lang.StackOverflowError
at com.Actitime.Generic.BaseClass.<init>(BaseClass.java:18)
at com.Actitime.pom.ActitimeLoginPage.<init>(ActitimeLoginPage.java:17)
at com.Actitime.Generic.BaseClass.<init>(BaseClass.java:18)
at com.Actitime.pom.ActitimeLoginPage.<init>(ActitimeLoginPage.java:17)
at com.Actitime.Generic.BaseClass.<init>(BaseClass.java:18)
at com.Actitime.pom.ActitimeLoginPage.<init>(ActitimeLoginPage.java:17)
at com.Actitime.Generic.BaseClass.<init>(BaseClass.java:18)
at com.Actitime.pom.ActitimeLoginPage.<init>(ActitimeLoginPage.java:17)
at com.Actitime.Generic.BaseClass.<init>(BaseClass.java:18)
at com.Actitime.pom.ActitimeLoginPage.<init>(ActitimeLoginPage.java:17)
at com.Actitime.Generic.BaseClass.<init>(BaseClass.java:18)
at com.Actitime.pom.ActitimeLoginPage.<init>(ActitimeLoginPage.java:17)
at com.Actitime.Generic.BaseClass.<init>(BaseClass.java:18)
at com.Actitime.pom.ActitimeLoginPage.<init>(ActitimeLoginPage.java:17)
at com.Actitime.Generic.BaseClass.<init>(BaseClass.java:18)
at com.Actitime.pom.ActitimeLoginPage.<init>(ActitimeLoginPage.java:17)
at com.Actitime.Generic.BaseClass.<init>(BaseClass.java:18)
at com.Actitime.pom.ActitimeLoginPage.<init>(ActitimeLoginPage.java:17)
at com.Actitime.Generic.BaseClass.<init>(BaseClass.java:18)
at com.Actitime.pom.ActitimeLoginPage.<init>(ActitimeLoginPage.java:17)
at com.Actitime.Generic.BaseClass.<init>(BaseClass.java:18)
at com.Actitime.pom.ActitimeLoginPage.<init>(ActitimeLoginPage.java:17)
at com.Actitime.Generic.BaseClass.<init>(BaseClass.java:18)
at com.Actitime.pom.ActitimeLoginPage.<init>(ActitimeLoginPage.java:17)
at com.Actitime.Generic.BaseClass.<init>(BaseClass.java:18)
at com.Actitime.pom.ActitimeLoginPage.<init>(ActitimeLoginPage.java:17)
at com.Actitime.Generic.BaseClass.<init>(BaseClass.java:18)
at com.Actitime.pom.ActitimeLoginPage.<init>(ActitimeLoginPage.java:17)
at com.Actitime.Generic.BaseClass.<init>(BaseClass.java:18)
at com.Actitime.pom.ActitimeLoginPage.<init>(ActitimeLoginPage.java:17)
at com.Actitime.Generic.BaseClass.<init>(BaseClass.java:18)
at com.Actitime.pom.ActitimeLoginPage.<init>(ActitimeLoginPage.java:17)
at com.Actitime.Generic.BaseClass.<init>(BaseClass.java:18)
at com.Actitime.pom.ActitimeLoginPage.<init>(ActitimeLoginPage.java:17)
at com.Actitime.Generic.BaseClass.<init>(BaseClass.java:18)
at com.Actitime.pom.ActitimeLoginPage.<init>(ActitimeLoginPage.java:17)
at com.Actitime.Generic.BaseClass.<init>(BaseClass.java:18)
at com.Actitime.pom.ActitimeLoginPage.<init>(ActitimeLoginPage.java:17)
at com.Actitime.Generic.BaseClass.<init>(BaseClass.java:18)
at com.Actitime.pom.ActitimeLoginPage.<init>(ActitimeLoginPage.java:17)
at com.Actitime.Generic.BaseClass.<init>(BaseClass.java:18)
at com.Actitime.pom.ActitimeLoginPage.<init>(ActitimeLoginPage.java:17)
at com.Actitime.Generic.BaseClass.<init>(BaseClass.java:18)
at com.Actitime.pom.ActitimeLoginPage.<init>(ActitimeLoginPage.java:17)
at com.Actitime.Generic.BaseClass.<init>(BaseClass.java:18)
at com.Actitime.pom.ActitimeLoginPage.<init>(ActitimeLoginPage.java:17)
at com.Actitime.Generic.BaseClass.<init>(BaseClass.java:18)
at com.Actitime.pom.ActitimeLoginPage.<init>(ActitimeLoginPage.java:17)
at com.Actitime.Generic.BaseClass.<init>(BaseClass.java:18)
at com.Actitime.pom.ActitimeLoginPage.<init>(ActitimeLoginPage.java:17)
at com.Actitime.Generic.BaseClass.<init>(BaseClass.java:18)
at com.Actitime.pom.ActitimeLoginPage.<init>(ActitimeLoginPage.java:17)
at com.Actitime.Generic.BaseClass.<init>(BaseClass.java:18)
at com.Actitime.pom.ActitimeLoginPage.<init>(ActitimeLoginPage.java:17)
at com.Actitime.Generic.BaseClass.<init>(BaseClass.java:18)
at com.Actitime.pom.ActitimeLoginPage.<init>(ActitimeLoginPage.java:17)
at com.Actitime.Generic.BaseClass.<init>(BaseClass.java:18)
at com.Actitime.pom.ActitimeLoginPage.<init>(ActitimeLoginPage.java:17)
at com.Actitime.Generic.BaseClass.<init>(BaseClass.java:18)
at com.Actitime.pom.ActitimeLoginPage.<init>(ActitimeLoginPage.java:17)
at com.Actitime.Generic.BaseClass.<init>(BaseClass.java:18)
at com.Actitime.pom.ActitimeLoginPage.<init>(ActitimeLoginPage.java:17)
at com.Actitime.Generic.BaseClass.<init>(BaseClass.java:18)
at com.Actitime.pom.ActitimeLoginPage.<init>(ActitimeLoginPage.java:17)
at com.Actitime.Generic.BaseClass.<init>(BaseClass.java:18)
at com.Actitime.pom.ActitimeLoginPage.<init>(ActitimeLoginPage.java:17)
at com.Actitime.Generic.BaseClass.<init>(BaseClass.java:18)
at com.Actitime.pom.ActitimeLoginPage.<init>(ActitimeLoginPage.java:17)
at com.Actitime.Generic.BaseClass.<init>(BaseClass.java:18)
at com.Actitime.pom.ActitimeLoginPage.<init>(ActitimeLoginPage.java:17)
at com.Actitime.Generic.BaseClass.<init>(BaseClass.java:18)
at com.Actitime.pom.ActitimeLoginPage.<init>(ActitimeLoginPage.java:17)
at com.Actitime.Generic.BaseClass.<init>(BaseClass.java:18)
at com.Actitime.pom.ActitimeLoginPage.<init>(ActitimeLoginPage.java:17)
at com.Actitime.Generic.BaseClass.<init>(BaseClass.java:18)
at com.Actitime.pom.ActitimeLoginPage.<init>(ActitimeLoginPage.java:17)
at com.Actitime.Generic.BaseClass.<init>(BaseClass.java:18)
at com.Actitime.pom.ActitimeLoginPage.<init>(ActitimeLoginPage.java:17)
at com.Actitime.Generic.BaseClass.<init>(BaseClass.java:18)
at com.Actitime.pom.ActitimeLoginPage.<init>(ActitimeLoginPage.java:17)
at com.Actitime.Generic.BaseClass.<init>(BaseClass.java:18)
at com.Actitime.pom.ActitimeLoginPage.<init>(ActitimeLoginPage.java:17)
at com.Actitime.Generic.BaseClass.<init>(BaseClass.java:18)
at com.Actitime.pom.ActitimeLoginPage.<init>(ActitimeLoginPage.java:17)
at com.Actitime.Generic.BaseClass.<init>(BaseClass.java:18)
at com.Actitime.pom.ActitimeLoginPage.<init>(ActitimeLoginPage.java:17)
at com.Actitime.Generic.BaseClass.<init>(BaseClass.java:18)
at com.Actitime.pom.ActitimeLoginPage.<init>(ActitimeLoginPage.java:17)
at com.Actitime.Generic.BaseClass.<init>(BaseClass.java:18)
at com.Actitime.pom.ActitimeLoginPage.<init>(ActitimeLoginPage.java:17)
at com.Actitime.Generic.BaseClass.<init>(BaseClass.java:18)
at com.Actitime.pom.ActitimeLoginPage.<init>(ActitimeLoginPage.java:17)
at com.Actitime.Generic.BaseClass.<init>(BaseClass.java:18)
at com.Actitime.pom.ActitimeLoginPage.<init>(ActitimeLoginPage.java:17)
at com.Actitime.Generic.BaseClass.<init>(BaseClass.java:18)
at com.Actitime.pom.ActitimeLoginPage.<init>(ActitimeLoginPage.java:17)
at com.Actitime.Generic.BaseClass.<init>(BaseClass.java:18)
at com.Actitime.pom.ActitimeLoginPage.<init>(ActitimeLoginPage.java:17)
at com.Actitime.Generic.BaseClass.<init>(BaseClass.java:18)
at com.Actitime.pom.ActitimeLoginPage.<init>(ActitimeLoginPage.java:17)
at com.Actitime.Generic.BaseClass.<init>(BaseClass.java:18)
at com.Actitime.pom.ActitimeLoginPage.<init>(ActitimeLoginPage.java:17)
at com.Actitime.Generic.BaseClass.<init>(BaseClass.java:18)
at com.Actitime.pom.ActitimeLoginPage.<init>(ActitimeLoginPage.java:17)
at com.Actitime.Generic.BaseClass.<init>(BaseClass.java:18)
at com.Actitime.pom.ActitimeLoginPage.<init>(ActitimeLoginPage.java:17)
at com.Actitime.Generic.BaseClass.<init>(BaseClass.java:18)
at com.Actitime.pom.ActitimeLoginPage.<init>(ActitimeLoginPage.java:17)
at com.Actitime.Generic.BaseClass.<init>(BaseClass.java:18)
at com.Actitime.pom.ActitimeLoginPage.<init>(ActitimeLoginPage.java:17)
at com.Actitime.Generic.BaseClass.<init>(BaseClass.java:18)
at com.Actitime.pom.ActitimeLoginPage.<init>(ActitimeLoginPage.java:17)
at com.Actitime.Generic.BaseClass.<init>(BaseClass.java:18)
at com.Actitime.pom.ActitimeLoginPage.<init>(ActitimeLoginPage.java:17)
at com.Actitime.Generic.BaseClass.<init>(BaseClass.java:18)
at com.Actitime.pom.ActitimeLoginPage.<init>(ActitimeLoginPage.java:17)
at com.Actitime.Generic.BaseClass.<init>(BaseClass.java:18)
at com.Actitime.pom.ActitimeLoginPage.<init>(ActitimeLoginPage.java:17)
at com.Actitime.Generic.BaseClass.<init>(BaseClass.java:18)
at com.Actitime.pom.ActitimeLoginPage.<init>(ActitimeLoginPage.java:17)
at com.Actitime.Generic.BaseClass.<init>(BaseClass.java:18)
at com.Actitime.pom.ActitimeLoginPage.<init>(ActitimeLoginPage.java:17)
at com.Actitime.Generic.BaseClass.<init>(BaseClass.java:18)
at com.Actitime.pom.ActitimeLoginPage.<init>(ActitimeLoginPage.java:17)
at com.Actitime.Generic.BaseClass.<init>(BaseClass.java:18)
at com.Actitime.pom.ActitimeLoginPage.<init>(ActitimeLoginPage.java:17)
at com.Actitime.Generic.BaseClass.<init>(BaseClass.java:18)
at com.Actitime.pom.ActitimeLoginPage.<init>(ActitimeLoginPage.java:17)
at com.Actitime.Generic.BaseClass.<init>(BaseClass.java:18)
at com.Actitime.pom.ActitimeLoginPage.<init>(ActitimeLoginPage.java:17)
at com.Actitime.Generic.BaseClass.<init>(BaseClass.java:18)
at com.Actitime.pom.ActitimeLoginPage.<init>(ActitimeLoginPage.java:17)
at com.Actitime.Generic.BaseClass.<init>(BaseClass.java:18)
at com.Actitime.pom.ActitimeLoginPage.<init>(ActitimeLoginPage.java:17)
at com.Actitime.Generic.BaseClass.<init>(BaseClass.java:18)
at com.Actitime.pom.ActitimeLoginPage.<init>(ActitimeLoginPage.java:17)
at com.Actitime.Generic.BaseClass.<init>(BaseClass.java:18)
at com.Actitime.pom.ActitimeLoginPage.<init>(ActitimeLoginPage.java:17)
at com.Actitime.Generic.BaseClass.<init>(BaseClass.java:18)
at com.Actitime.pom.ActitimeLoginPage.<init>(ActitimeLoginPage.java:17)
at com.Actitime.Generic.BaseClass.<init>(BaseClass.java:18)
at com.Actitime.pom.ActitimeLoginPage.<init>(ActitimeLoginPage.java:17)
at com.Actitime.Generic.BaseClass.<init>(BaseClass.java:18)
at com.Actitime.pom.ActitimeLoginPage.<init>(ActitimeLoginPage.java:17)
at com.Actitime.Generic.BaseClass.<init>(BaseClass.java:18)
at com.Actitime.pom.ActitimeLoginPage.<init>(ActitimeLoginPage.java:17)
at com.Actitime.Generic.BaseClass.<init>(BaseClass.java:18)
at com.Actitime.pom.ActitimeLoginPage.<init>(ActitimeLoginPage.java:17)
at com.Actitime.Generic.BaseClass.<init>(BaseClass.java:18)
at com.Actitime.pom.ActitimeLoginPage.<init>(ActitimeLoginPage.java:17)
at com.Actitime.Generic.BaseClass.<init>(BaseClass.java:18)
at com.Actitime.pom.ActitimeLoginPage.<init>(ActitimeLoginPage.java:17)
at com.Actitime.Generic.BaseClass.<init>(BaseClass.java:18)
at com.Actitime.pom.ActitimeLoginPage.<init>(ActitimeLoginPage.java:17)
at com.Actitime.Generic.BaseClass.<init>(BaseClass.java:18)
at com.Actitime.pom.ActitimeLoginPage.<init>(ActitimeLoginPage.java:17)
at com.Actitime.Generic.BaseClass.<init>(BaseClass.java:18)
at com.Actitime.pom.ActitimeLoginPage.<init>(ActitimeLoginPage.java:17)
at com.Actitime.Generic.BaseClass.<init>(BaseClass.java:18)
at com.Actitime.pom.ActitimeLoginPage.<init>(ActitimeLoginPage.java:17)
at com.Actitime.Generic.BaseClass.<init>(BaseClass.java:18)
at com.Actitime.pom.ActitimeLoginPage.<init>(ActitimeLoginPage.java:17)
at com.Actitime.Generic.BaseClass.<init>(BaseClass.java:18)
at com.Actitime.pom.ActitimeLoginPage.<init>(ActitimeLoginPage.java:17)
at com.Actitime.Generic.BaseClass.<init>(BaseClass.java:18)
at com.Actitime.pom.ActitimeLoginPage.<init>(ActitimeLoginPage.java:17)
at com.Actitime.Generic.BaseClass.<init>(BaseClass.java:18)
at com.Actitime.pom.ActitimeLoginPage.<init>(ActitimeLoginPage.java:17)
at com.Actitime.Generic.BaseClass.<init>(BaseClass.java:18)
at com.Actitime.pom.ActitimeLoginPage.<init>(ActitimeLoginPage.java:17)
at com.Actitime.Generic.BaseClass.<init>(BaseClass.java:18)
at com.Actitime.pom.ActitimeLoginPage.<init>(ActitimeLoginPage.java:17)
at com.Actitime.Generic.BaseClass.<init>(BaseClass.java:18)
at com.Actitime.pom.ActitimeLoginPage.<init>(ActitimeLoginPage.java:17)
at com.Actitime.Generic.BaseClass.<init>(BaseClass.java:18)
at com.Actitime.pom.ActitimeLoginPage.<init>(ActitimeLoginPage.java:17)
at com.Actitime.Generic.BaseClass.<init>(BaseClass.java:18)
at com.Actitime.pom.ActitimeLoginPage.<init>(ActitimeLoginPage.java:17)
at com.Actitime.Generic.BaseClass.<init>(BaseClass.java:18)
at com.Actitime.pom.ActitimeLoginPage.<init>(ActitimeLoginPage.java:17)
at com.Actitime.Generic.BaseClass.<init>(BaseClass.java:18)
at com.Actitime.pom.ActitimeLoginPage.<init>(ActitimeLoginPage.java:17)
at com.Actitime.Generic.BaseClass.<init>(BaseClass.java:18)
at com.Actitime.pom.ActitimeLoginPage.<init>(ActitimeLoginPage.java:17)
at com.Actitime.Generic.BaseClass.<init>(BaseClass.java:18)
at com.Actitime.pom.ActitimeLoginPage.<init>(ActitimeLoginPage.java:17)
at com.Actitime.Generic.BaseClass.<init>(BaseClass.java:18)
at com.Actitime.pom.ActitimeLoginPage.<init>(ActitimeLoginPage.java:17)
at com.Actitime.Generic.BaseClass.<init>(BaseClass.java:18)
at com.Actitime.pom.ActitimeLoginPage.<init>(ActitimeLoginPage.java:17)
at com.Actitime.Generic.BaseClass.<init>(BaseClass.java:18)
at com.Actitime.pom.ActitimeLoginPage.<init>(ActitimeLoginPage.java:17)
at com.Actitime.Generic.BaseClass.<init>(BaseClass.java:18)
at com.Actitime.pom.ActitimeLoginPage.<init>(ActitimeLoginPage.java:17)
at com.Actitime.Generic.BaseClass.<init>(BaseClass.java:18)
at com.Actitime.pom.ActitimeLoginPage.<init>(ActitimeLoginPage.java:17)
at com.Actitime.Generic.BaseClass.<init>(BaseClass.java:18)
at com.Actitime.pom.ActitimeLoginPage.<init>(ActitimeLoginPage.java:17)
at com.Actitime.Generic.BaseClass.<init>(BaseClass.java:18)
at com.Actitime.pom.ActitimeLoginPage.<init>(ActitimeLoginPage.java:17)
at com.Actitime.Generic.BaseClass.<init>(BaseClass.java:18)
at com.Actitime.pom.ActitimeLoginPage.<init>(ActitimeLoginPage.java:17)
at com.Actitime.Generic.BaseClass.<init>(BaseClass.java:18)
at com.Actitime.pom.ActitimeLoginPage.<init>(ActitimeLoginPage.java:17)
at com.Actitime.Generic.BaseClass.<init>(BaseClass.java:18)
at com.Actitime.pom.ActitimeLoginPage.<init>(ActitimeLoginPage.java:17)
at com.Actitime.Generic.BaseClass.<init>(BaseClass.java:18)
at com.Actitime.pom.ActitimeLoginPage.<init>(ActitimeLoginPage.java:17)
at com.Actitime.Generic.BaseClass.<init>(BaseClass.java:18)
at com.Actitime.pom.ActitimeLoginPage.<init>(ActitimeLoginPage.java:17)
at com.Actitime.Generic.BaseClass.<init>(BaseClass.java:18)
at com.Actitime.pom.ActitimeLoginPage.<init>(ActitimeLoginPage.java:17)
at com.Actitime.Generic.BaseClass.<init>(BaseClass.java:18)
at com.Actitime.pom.ActitimeLoginPage.<init>(ActitimeLoginPage.java:17)
at com.Actitime.Generic.BaseClass.<init>(BaseClass.java:18)
at com.Actitime.pom.ActitimeLoginPage.<init>(ActitimeLoginPage.java:17)
at com.Actitime.Generic.BaseClass.<init>(BaseClass.java:18)
at com.Actitime.pom.ActitimeLoginPage.<init>(ActitimeLoginPage.java:17)
at com.Actitime.Generic.BaseClass.<init>(BaseClass.java:18)
at com.Actitime.pom.ActitimeLoginPage.<init>(ActitimeLoginPage.java:17)
at com.Actitime.Generic.BaseClass.<init>(BaseClass.java:18)
at com.Actitime.pom.ActitimeLoginPage.<init>(ActitimeLoginPage.java:17)
at com.Actitime.Generic.BaseClass.<init>(BaseClass.java:18)
at com.Actitime.pom.ActitimeLoginPage.<init>(ActitimeLoginPage.java:17)
at com.Actitime.Generic.BaseClass.<init>(BaseClass.java:18)
at com.Actitime.pom.ActitimeLoginPage.<init>(ActitimeLoginPage.java:17)
at com.Actitime.Generic.BaseClass.<init>(BaseClass.java:18)
at com.Actitime.pom.ActitimeLoginPage.<init>(ActitimeLoginPage.java:17)
at com.Actitime.Generic.BaseClass.<init>(BaseClass.java:18)
at com.Actitime.pom.ActitimeLoginPage.<init>(ActitimeLoginPage.java:17)
at com.Actitime.Generic.BaseClass.<init>(BaseClass.java:18)
at com.Actitime.pom.ActitimeLoginPage.<init>(ActitimeLoginPage.java:17)
at com.Actitime.Generic.BaseClass.<init>(BaseClass.java:18)
at com.Actitime.pom.ActitimeLoginPage.<init>(ActitimeLoginPage.java:17)
at com.Actitime.Generic.BaseClass.<init>(BaseClass.java:18)
at com.Actitime.pom.ActitimeLoginPage.<init>(ActitimeLoginPage.java:17)
at com.Actitime.Generic.BaseClass.<init>(BaseClass.java:18)
at com.Actitime.pom.ActitimeLoginPage.<init>(ActitimeLoginPage.java:17)
at com.Actitime.Generic.BaseClass.<init>(BaseClass.java:18)
at com.Actitime.pom.ActitimeLoginPage.<init>(ActitimeLoginPage.java:17)
at com.Actitime.Generic.BaseClass.<init>(BaseClass.java:18)
at com.Actitime.pom.ActitimeLoginPage.<init>(ActitimeLoginPage.java:17)
at com.Actitime.Generic.BaseClass.<init>(BaseClass.java:18)
at com.Actitime.pom.ActitimeLoginPage.<init>(ActitimeLoginPage.java:17)
at com.Actitime.Generic.BaseClass.<init>(BaseClass.java:18)
at com.Actitime.pom.ActitimeLoginPage.<init>(ActitimeLoginPage.java:17)
at com.Actitime.Generic.BaseClass.<init>(BaseClass.java:18)
at com.Actitime.pom.ActitimeLoginPage.<init>(ActitimeLoginPage.java:17)
at com.Actitime.Generic.BaseClass.<init>(BaseClass.java:18)
at com.Actitime.pom.ActitimeLoginPage.<init>(ActitimeLoginPage.java:17)
at com.Actitime.Generic.BaseClass.<init>(BaseClass.java:18)
at com.Actitime.pom.ActitimeLoginPage.<init>(ActitimeLoginPage.java:17)
at com.Actitime.Generic.BaseClass.<init>(BaseClass.java:18)
at com.Actitime.pom.ActitimeLoginPage.<init>(ActitimeLoginPage.java:17)
at com.Actitime.Generic.BaseClass.<init>(BaseClass.java:18)
at com.Actitime.pom.ActitimeLoginPage.<init>(ActitimeLoginPage.java:17)
at com.Actitime.Generic.BaseClass.<init>(BaseClass.java:18)
at com.Actitime.pom.ActitimeLoginPage.<init>(ActitimeLoginPage.java:17)
at com.Actitime.Generic.BaseClass.<init>(BaseClass.java:18)
at com.Actitime.pom.ActitimeLoginPage.<init>(ActitimeLoginPage.java:17)
at com.Actitime.Generic.BaseClass.<init>(BaseClass.java:18)
at com.Actitime.pom.ActitimeLoginPage.<init>(ActitimeLoginPage.java:17)
at com.Actitime.Generic.BaseClass.<init>(BaseClass.java:18)
at com.Actitime.pom.ActitimeLoginPage.<init>(ActitimeLoginPage.java:17)
at com.Actitime.Generic.BaseClass.<init>(BaseClass.java:18)
at com.Actitime.pom.ActitimeLoginPage.<init>(ActitimeLoginPage.java:17)
at com.Actitime.Generic.BaseClass.<init>(BaseClass.java:18)
at com.Actitime.pom.ActitimeLoginPage.<init>(ActitimeLoginPage.java:17)
at com.Actitime.Generic.BaseClass.<init>(BaseClass.java:18)
at com.Actitime.pom.ActitimeLoginPage.<init>(ActitimeLoginPage.java:17)
at com.Actitime.Generic.BaseClass.<init>(BaseClass.java:18)
at com.Actitime.pom.ActitimeLoginPage.<init>(ActitimeLoginPage.java:17)
at com.Actitime.Generic.BaseClass.<init>(BaseClass.java:18)
at com.Actitime.pom.ActitimeLoginPage.<init>(ActitimeLoginPage.java:17)
at com.Actitime.Generic.BaseClass.<init>(BaseClass.java:18)
at com.Actitime.pom.ActitimeLoginPage.<init>(ActitimeLoginPage.java:17)
at com.Actitime.Generic.BaseClass.<init>(BaseClass.java:18)
at com.Actitime.pom.ActitimeLoginPage.<init>(ActitimeLoginPage.java:17)
at com.Actitime.Generic.BaseClass.<init>(BaseClass.java:18)
at com.Actitime.pom.ActitimeLoginPage.<init>(ActitimeLoginPage.java:17)
at com.Actitime.Generic.BaseClass.<init>(BaseClass.java:18)
at com.Actitime.pom.ActitimeLoginPage.<init>(ActitimeLoginPage.java:17)
at com.Actitime.Generic.BaseClass.<init>(BaseClass.java:18)
at com.Actitime.pom.ActitimeLoginPage.<init>(ActitimeLoginPage.java:17)
at com.Actitime.Generic.BaseClass.<init>(BaseClass.java:18)
at com.Actitime.pom.ActitimeLoginPage.<init>(ActitimeLoginPage.java:17)
at com.Actitime.Generic.BaseClass.<init>(BaseClass.java:18)
at com.Actitime.pom.ActitimeLoginPage.<init>(ActitimeLoginPage.java:17)
at com.Actitime.Generic.BaseClass.<init>(BaseClass.java:18)
at com.Actitime.pom.ActitimeLoginPage.<init>(ActitimeLoginPage.java:17)
at com.Actitime.Generic.BaseClass.<init>(BaseClass.java:18)
at com.Actitime.pom.ActitimeLoginPage.<init>(ActitimeLoginPage.java:17)
at com.Actitime.Generic.BaseClass.<init>(BaseClass.java:18)
at com.Actitime.pom.ActitimeLoginPage.<init>(ActitimeLoginPage.java:17)
at com.Actitime.Generic.BaseClass.<init>(BaseClass.java:18)
at com.Actitime.pom.ActitimeLoginPage.<init>(ActitimeLoginPage.java:17)
at com.Actitime.Generic.BaseClass.<init>(BaseClass.java:18)
at com.Actitime.pom.ActitimeLoginPage.<init>(ActitimeLoginPage.java:17)
at com.Actitime.Generic.BaseClass.<init>(BaseClass.java:18)
at com.Actitime.pom.ActitimeLoginPage.<init>(ActitimeLoginPage.java:17)
at com.Actitime.Generic.BaseClass.<init>(BaseClass.java:18)
at com.Actitime.pom.ActitimeLoginPage.<init>(ActitimeLoginPage.java:17)
at com.Actitime.Generic.BaseClass.<init>(BaseClass.java:18)
at com.Actitime.pom.ActitimeLoginPage.<init>(ActitimeLoginPage.java:17)
at com.Actitime.Generic.BaseClass.<init>(BaseClass.java:18)
at com.Actitime.pom.ActitimeLoginPage.<init>(ActitimeLoginPage.java:17)
at com.Actitime.Generic.BaseClass.<init>(BaseClass.java:18)
at com.Actitime.pom.ActitimeLoginPage.<init>(ActitimeLoginPage.java:17)
at com.Actitime.Generic.BaseClass.<init>(BaseClass.java:18)
at com.Actitime.pom.ActitimeLoginPage.<init>(ActitimeLoginPage.java:17)
at com.Actitime.Generic.BaseClass.<init>(BaseClass.java:18)
at com.Actitime.pom.ActitimeLoginPage.<init>(ActitimeLoginPage.java:17)
at com.Actitime.Generic.BaseClass.<init>(BaseClass.java:18)
at com.Actitime.pom.ActitimeLoginPage.<init>(ActitimeLoginPage.java:17)
at com.Actitime.Generic.BaseClass.<init>(BaseClass.java:18)
at com.Actitime.pom.ActitimeLoginPage.<init>(ActitimeLoginPage.java:17)
at com.Actitime.Generic.BaseClass.<init>(BaseClass.java:18)
at com.Actitime.pom.ActitimeLoginPage.<init>(ActitimeLoginPage.java:17)
at com.Actitime.Generic.BaseClass.<init>(BaseClass.java:18)
at com.Actitime.pom.ActitimeLoginPage.<init>(ActitimeLoginPage.java:17)
at com.Actitime.Generic.BaseClass.<init>(BaseClass.java:18)
at com.Actitime.pom.ActitimeLoginPage.<init>(ActitimeLoginPage.java:17)
at com.Actitime.Generic.BaseClass.<init>(BaseClass.java:18)
at com.Actitime.pom.ActitimeLoginPage.<init>(ActitimeLoginPage.java:17)
at com.Actitime.Generic.BaseClass.<init>(BaseClass.java:18)
at com.Actitime.pom.ActitimeLoginPage.<init>(ActitimeLoginPage.java:17)
at com.Actitime.Generic.BaseClass.<init>(BaseClass.java:18)
at com.Actitime.pom.ActitimeLoginPage.<init>(ActitimeLoginPage.java:17)
at com.Actitime.Generic.BaseClass.<init>(BaseClass.java:18)
at com.Actitime.pom.ActitimeLoginPage.<init>(ActitimeLoginPage.java:17)
at com.Actitime.Generic.BaseClass.<init>(BaseClass.java:18)
at com.Actitime.pom.ActitimeLoginPage.<init>(ActitimeLoginPage.java:17)
at com.Actitime.Generic.BaseClass.<init>(BaseClass.java:18)
at com.Actitime.pom.ActitimeLoginPage.<init>(ActitimeLoginPage.java:17)
at com.Actitime.Generic.BaseClass.<init>(BaseClass.java:18)
at com.Actitime.pom.ActitimeLoginPage.<init>(ActitimeLoginPage.java:17)
at com.Actitime.Generic.BaseClass.<init>(BaseClass.java:18)
at com.Actitime.pom.ActitimeLoginPage.<init>(ActitimeLoginPage.java:17)
at com.Actitime.Generic.BaseClass.<init>(BaseClass.java:18)
at com.Actitime.pom.ActitimeLoginPage.<init>(ActitimeLoginPage.java:17)
at com.Actitime.Generic.BaseClass.<init>(BaseClass.java:18)
at com.Actitime.pom.ActitimeLoginPage.<init>(ActitimeLoginPage.java:17)
at com.Actitime.Generic.BaseClass.<init>(BaseClass.java:18)
at com.Actitime.pom.ActitimeLoginPage.<init>(ActitimeLoginPage.java:17)
at com.Actitime.Generic.BaseClass.<init>(BaseClass.java:18)
at com.Actitime.pom.ActitimeLoginPage.<init>(ActitimeLoginPage.java:17)
at com.Actitime.Generic.BaseClass.<init>(BaseClass.java:18)
at com.Actitime.pom.ActitimeLoginPage.<init>(ActitimeLoginPage.java:17)
at com.Actitime.Generic.BaseClass.<init>(BaseClass.java:18)
at com.Actitime.pom.ActitimeLoginPage.<init>(ActitimeLoginPage.java:17)
at com.Actitime.Generic.BaseClass.<init>(BaseClass.java:18)
at com.Actitime.pom.ActitimeLoginPage.<init>(ActitimeLoginPage.java:17)
at com.Actitime.Generic.BaseClass.<init>(BaseClass.java:18)
at com.Actitime.pom.ActitimeLoginPage.<init>(ActitimeLoginPage.java:17)
at com.Actitime.Generic.BaseClass.<init>(BaseClass.java:18)
at com.Actitime.pom.ActitimeLoginPage.<init>(ActitimeLoginPage.java:17)
at com.Actitime.Generic.BaseClass.<init>(BaseClass.java:18)
at com.Actitime.pom.ActitimeLoginPage.<init>(ActitimeLoginPage.java:17)
at com.Actitime.Generic.BaseClass.<init>(BaseClass.java:18)
at com.Actitime.pom.ActitimeLoginPage.<init>(ActitimeLoginPage.java:17)
at com.Actitime.Generic.BaseClass.<init>(BaseClass.java:18)
at com.Actitime.pom.ActitimeLoginPage.<init>(ActitimeLoginPage.java:17)
at com.Actitime.Generic.BaseClass.<init>(BaseClass.java:18)
at com.Actitime.pom.ActitimeLoginPage.<init>(ActitimeLoginPage.java:17)
at com.Actitime.Generic.BaseClass.<init>(BaseClass.java:18)
at com.Actitime.pom.ActitimeLoginPage.<init>(ActitimeLoginPage.java:17)
at com.Actitime.Generic.BaseClass.<init>(BaseClass.java:18)
at com.Actitime.pom.ActitimeLoginPage.<init>(ActitimeLoginPage.java:17)
at com.Actitime.Generic.BaseClass.<init>(BaseClass.java:18)
at com.Actitime.pom.ActitimeLoginPage.<init>(ActitimeLoginPage.java:17)
at com.Actitime.Generic.BaseClass.<init>(BaseClass.java:18)
at com.Actitime.pom.ActitimeLoginPage.<init>(ActitimeLoginPage.java:17)
at com.Actitime.Generic.BaseClass.<init>(BaseClass.java:18)
at com.Actitime.pom.ActitimeLoginPage.<init>(ActitimeLoginPage.java:17)
at com.Actitime.Generic.BaseClass.<init>(BaseClass.java:18)
at com.Actitime.pom.ActitimeLoginPage.<init>(ActitimeLoginPage.java:17)
at com.Actitime.Generic.BaseClass.<init>(BaseClass.java:18)
at com.Actitime.pom.ActitimeLoginPage.<init>(ActitimeLoginPage.java:17)
at com.Actitime.Generic.BaseClass.<init>(BaseClass.java:18)
at com.Actitime.pom.ActitimeLoginPage.<init>(ActitimeLoginPage.java:17)
at com.Actitime.Generic.BaseClass.<init>(BaseClass.java:18)
at com.Actitime.pom.ActitimeLoginPage.<init>(ActitimeLoginPage.java:17)
at com.Actitime.Generic.BaseClass.<init>(BaseClass.java:18)
at com.Actitime.pom.ActitimeLoginPage.<init>(ActitimeLoginPage.java:17)
at com.Actitime.Generic.BaseClass.<init>(BaseClass.java:18)
at com.Actitime.pom.ActitimeLoginPage.<init>(ActitimeLoginPage.java:17)
at com.Actitime.Generic.BaseClass.<init>(BaseClass.java:18)
at com.Actitime.pom.ActitimeLoginPage.<init>(ActitimeLoginPage.java:17)
at com.Actitime.Generic.BaseClass.<init>(BaseClass.java:18)
at com.Actitime.pom.ActitimeLoginPage.<init>(ActitimeLoginPage.java:17)
at com.Actitime.Generic.BaseClass.<init>(BaseClass.java:18)
at com.Actitime.pom.ActitimeLoginPage.<init>(ActitimeLoginPage.java:17)
at com.Actitime.Generic.BaseClass.<init>(BaseClass.java:18)
at com.Actitime.pom.ActitimeLoginPage.<init>(ActitimeLoginPage.java:17)
at com.Actitime.Generic.BaseClass.<init>(BaseClass.java:18)
at com.Actitime.pom.ActitimeLoginPage.<init>(ActitimeLoginPage.java:17)
at com.Actitime.Generic.BaseClass.<init>(BaseClass.java:18)
at com.Actitime.pom.ActitimeLoginPage.<init>(ActitimeLoginPage.java:17)
at com.Actitime.Generic.BaseClass.<init>(BaseClass.java:18)
at com.Actitime.pom.ActitimeLoginPage.<init>(ActitimeLoginPage.java:17)
at com.Actitime.Generic.BaseClass.<init>(BaseClass.java:18)
at com.Actitime.pom.ActitimeLoginPage.<init>(ActitimeLoginPage.java:17)
at com.Actitime.Generic.BaseClass.<init>(BaseClass.java:18)
at com.Actitime.pom.ActitimeLoginPage.<init>(ActitimeLoginPage.java:17)
at com.Actitime.Generic.BaseClass.<init>(BaseClass.java:18)
at com.Actitime.pom.ActitimeLoginPage.<init>(ActitimeLoginPage.java:17)
at com.Actitime.Generic.BaseClass.<init>(BaseClass.java:18)
at com.Actitime.pom.ActitimeLoginPage.<init>(ActitimeLoginPage.java:17)
at com.Actitime.Generic.BaseClass.<init>(BaseClass.java:18)
at com.Actitime.pom.ActitimeLoginPage.<init>(ActitimeLoginPage.java:17)
at com.Actitime.Generic.BaseClass.<init>(BaseClass.java:18)
at com.Actitime.pom.ActitimeLoginPage.<init>(ActitimeLoginPage.java:17)
at com.Actitime.Generic.BaseClass.<init>(BaseClass.java:18)
at com.Actitime.pom.ActitimeLoginPage.<init>(ActitimeLoginPage.java:17)
at com.Actitime.Generic.BaseClass.<init>(BaseClass.java:18)
at com.Actitime.pom.ActitimeLoginPage.<init>(ActitimeLoginPage.java:17)
at com.Actitime.Generic.BaseClass.<init>(BaseClass.java:18)
at com.Actitime.pom.ActitimeLoginPage.<init>(ActitimeLoginPage.java:17)
at com.Actitime.Generic.BaseClass.<init>(BaseClass.java:18)
at com.Actitime.pom.ActitimeLoginPage.<init>(ActitimeLoginPage.java:17)
at com.Actitime.Generic.BaseClass.<init>(BaseClass.java:18)
at com.Actitime.pom.ActitimeLoginPage.<init>(ActitimeLoginPage.java:17)
at com.Actitime.Generic.BaseClass.<init>(BaseClass.java:18)
at com.Actitime.pom.ActitimeLoginPage.<init>(ActitimeLoginPage.java:17)
at com.Actitime.Generic.BaseClass.<init>(BaseClass.java:18)
at com.Actitime.pom.ActitimeLoginPage.<init>(ActitimeLoginPage.java:17)
at com.Actitime.Generic.BaseClass.<init>(BaseClass.java:18)
at com.Actitime.pom.ActitimeLoginPage.<init>(ActitimeLoginPage.java:17)
at com.Actitime.Generic.BaseClass.<init>(BaseClass.java:18)
at com.Actitime.pom.ActitimeLoginPage.<init>(ActitimeLoginPage.java:17)
at com.Actitime.Generic.BaseClass.<init>(BaseClass.java:18)
at com.Actitime.pom.ActitimeLoginPage.<init>(ActitimeLoginPage.java:17)
at com.Actitime.Generic.BaseClass.<init>(BaseClass.java:18)
at com.Actitime.pom.ActitimeLoginPage.<init>(ActitimeLoginPage.java:17)
at com.Actitime.Generic.BaseClass.<init>(BaseClass.java:18)
at com.Actitime.pom.ActitimeLoginPage.<init>(ActitimeLoginPage.java:17)
at com.Actitime.Generic.BaseClass.<init>(BaseClass.java:18)
at com.Actitime.pom.ActitimeLoginPage.<init>(ActitimeLoginPage.java:17)
at com.Actitime.Generic.BaseClass.<init>(BaseClass.java:18)
at com.Actitime.pom.ActitimeLoginPage.<init>(ActitimeLoginPage.java:17)
at com.Actitime.Generic.BaseClass.<init>(BaseClass.java:18)
at com.Actitime.pom.ActitimeLoginPage.<init>(ActitimeLoginPage.java:17)
at com.Actitime.Generic.BaseClass.<init>(BaseClass.java:18)
at com.Actitime.pom.ActitimeLoginPage.<init>(ActitimeLoginPage.java:17)
at com.Actitime.Generic.BaseClass.<init>(BaseClass.java:18)
at com.Actitime.pom.ActitimeLoginPage.<init>(ActitimeLoginPage.java:17)
at com.Actitime.Generic.BaseClass.<init>(BaseClass.java:18)
at com.Actitime.pom.ActitimeLoginPage.<init>(ActitimeLoginPage.java:17)
at com.Actitime.Generic.BaseClass.<init>(BaseClass.java:18)
at com.Actitime.pom.ActitimeLoginPage.<init>(ActitimeLoginPage.java:17)
at com.Actitime.Generic.BaseClass.<init>(BaseClass.java:18)
at com.Actitime.pom.ActitimeLoginPage.<init>(ActitimeLoginPage.java:17)
at com.Actitime.Generic.BaseClass.<init>(BaseClass.java:18)
at com.Actitime.pom.ActitimeLoginPage.<init>(ActitimeLoginPage.java:17)
at com.Actitime.Generic.BaseClass.<init>(BaseClass.java:18)
at com.Actitime.pom.ActitimeLoginPage.<init>(ActitimeLoginPage.java:17)
at com.Actitime.Generic.BaseClass.<init>(BaseClass.java:18)
at com.Actitime.pom.ActitimeLoginPage.<init>(ActitimeLoginPage.java:17)
at com.Actitime.Generic.BaseClass.<init>(BaseClass.java:18)
at com.Actitime.pom.ActitimeLoginPage.<init>(ActitimeLoginPage.java:17)
at com.Actitime.Generic.BaseClass.<init>(BaseClass.java:18)
at com.Actitime.pom.ActitimeLoginPage.<init>(ActitimeLoginPage.java:17)
at com.Actitime.Generic.BaseClass.<init>(BaseClass.java:18)
at com.Actitime.pom.ActitimeLoginPage.<init>(ActitimeLoginPage.java:17)
at com.Actitime.Generic.BaseClass.<init>(BaseClass.java:18)
at com.Actitime.pom.ActitimeLoginPage.<init>(ActitimeLoginPage.java:17)
at com.Actitime.Generic.BaseClass.<init>(BaseClass.java:18)
at com.Actitime.pom.ActitimeLoginPage.<init>(ActitimeLoginPage.java:17)
at com.Actitime.Generic.BaseClass.<init>(BaseClass.java:18)
at com.Actitime.pom.ActitimeLoginPage.<init>(ActitimeLoginPage.java:17)
at com.Actitime.Generic.BaseClass.<init>(BaseClass.java:18)
at com.Actitime.pom.ActitimeLoginPage.<init>(ActitimeLoginPage.java:17)
at com.Actitime.Generic.BaseClass.<init>(BaseClass.java:18)
at com.Actitime.pom.ActitimeLoginPage.<init>(ActitimeLoginPage.java:17)
at com.Actitime.Generic.BaseClass.<init>(BaseClass.java:18)
at com.Actitime.pom.ActitimeLoginPage.<init>(ActitimeLoginPage.java:17)
at com.Actitime.Generic.BaseClass.<init>(BaseClass.java:18)
at com.Actitime.pom.ActitimeLoginPage.<init>(ActitimeLoginPage.java:17)
at com.Actitime.Generic.BaseClass.<init>(BaseClass.java:18)
at com.Actitime.pom.ActitimeLoginPage.<init>(ActitimeLoginPage.java:17)
at com.Actitime.Generic.BaseClass.<init>(BaseClass.java:18)
at com.Actitime.pom.ActitimeLoginPage.<init>(ActitimeLoginPage.java:17)
at com.Actitime.Generic.BaseClass.<init>(BaseClass.java:18)
at com.Actitime.pom.ActitimeLoginPage.<init>(ActitimeLoginPage.java:17)
at com.Actitime.Generic.BaseClass.<init>(BaseClass.java:18)
at com.Actitime.pom.ActitimeLoginPage.<init>(ActitimeLoginPage.java:17)
at com.Actitime.Generic.BaseClass.<init>(BaseClass.java:18)
at com.Actitime.pom.ActitimeLoginPage.<init>(ActitimeLoginPage.java:17)
at com.Actitime.Generic.BaseClass.<init>(BaseClass.java:18)
at com.Actitime.pom.ActitimeLoginPage.<init>(ActitimeLoginPage.java:17)
at com.Actitime.Generic.BaseClass.<init>(BaseClass.java:18)
at com.Actitime.pom.ActitimeLoginPage.<init>(ActitimeLoginPage.java:17)
at com.Actitime.Generic.BaseClass.<init>(BaseClass.java:18)
at com.Actitime.pom.ActitimeLoginPage.<init>(ActitimeLoginPage.java:17)
at com.Actitime.Generic.BaseClass.<init>(BaseClass.java:18)
at com.Actitime.pom.ActitimeLoginPage.<init>(ActitimeLoginPage.java:17)
at com.Actitime.Generic.BaseClass.<init>(BaseClass.java:18)
at com.Actitime.pom.ActitimeLoginPage.<init>(ActitimeLoginPage.java:17)
at com.Actitime.Generic.BaseClass.<init>(BaseClass.java:18)
at com.Actitime.pom.ActitimeLoginPage.<init>(ActitimeLoginPage.java:17)
at com.Actitime.Generic.BaseClass.<init>(BaseClass.java:18)
at com.Actitime.pom.ActitimeLoginPage.<init>(ActitimeLoginPage.java:17)
at com.Actitime.Generic.BaseClass.<init>(BaseClass.java:18)
at com.Actitime.pom.ActitimeLoginPage.<init>(ActitimeLoginPage.java:17)
at com.Actitime.Generic.BaseClass.<init>(BaseClass.java:18)
at com.Actitime.pom.ActitimeLoginPage.<init>(ActitimeLoginPage.java:17)
at com.Actitime.Generic.BaseClass.<init>(BaseClass.java:18)
at com.Actitime.pom.ActitimeLoginPage.<init>(ActitimeLoginPage.java:17)
at com.Actitime.Generic.BaseClass.<init>(BaseClass.java:18)
at com.Actitime.pom.ActitimeLoginPage.<init>(ActitimeLoginPage.java:17)
at com.Actitime.Generic.BaseClass.<init>(BaseClass.java:18)
at com.Actitime.pom.ActitimeLoginPage.<init>(ActitimeLoginPage.java:17)
at com.Actitime.Generic.BaseClass.<init>(BaseClass.java:18)
at com.Actitime.pom.ActitimeLoginPage.<init>(ActitimeLoginPage.java:17)
at com.Actitime.Generic.BaseClass.<init>(BaseClass.java:18)
at com.Actitime.pom.ActitimeLoginPage.<init>(ActitimeLoginPage.java:17)
at com.Actitime.Generic.BaseClass.<init>(BaseClass.java:18)
at com.Actitime.pom.ActitimeLoginPage.<init>(ActitimeLoginPage.java:17)
at com.Actitime.Generic.BaseClass.<init>(BaseClass.java:18)
at com.Actitime.pom.ActitimeLoginPage.<init>(ActitimeLoginPage.java:17)
at com.Actitime.Generic.BaseClass.<init>(BaseClass.java:18)
at com.Actitime.pom.ActitimeLoginPage.<init>(ActitimeLoginPage.java:17)
at com.Actitime.Generic.BaseClass.<init>(BaseClass.java:18)
at com.Actitime.pom.ActitimeLoginPage.<init>(ActitimeLoginPage.java:17)
at com.Actitime.Generic.BaseClass.<init>(BaseClass.java:18)
at com.Actitime.pom.ActitimeLoginPage.<init>(ActitimeLoginPage.java:17)
at com.Actitime.Generic.BaseClass.<init>(BaseClass.java:18)
at com.Actitime.pom.ActitimeLoginPage.<init>(ActitimeLoginPage.java:17)
at com.Actitime.Generic.BaseClass.<init>(BaseClass.java:18)
at com.Actitime.pom.ActitimeLoginPage.<init>(ActitimeLoginPage.java:17)
at com.Actitime.Generic.BaseClass.<init>(BaseClass.java:18)
at com.Actitime.pom.ActitimeLoginPage.<init>(ActitimeLoginPage.java:17)
at com.Actitime.Generic.BaseClass.<init>(BaseClass.java:18)
at com.Actitime.pom.ActitimeLoginPage.<init>(ActitimeLoginPage.java:17)
at com.Actitime.Generic.BaseClass.<init>(BaseClass.java:18)
at com.Actitime.pom.ActitimeLoginPage.<init>(ActitimeLoginPage.java:17)
at com.Actitime.Generic.BaseClass.<init>(BaseClass.java:18)
at com.Actitime.pom.ActitimeLoginPage.<init>(ActitimeLoginPage.java:17)
at com.Actitime.Generic.BaseClass.<init>(BaseClass.java:18)
at com.Actitime.pom.ActitimeLoginPage.<init>(ActitimeLoginPage.java:17)
at com.Actitime.Generic.BaseClass.<init>(BaseClass.java:18)
at com.Actitime.pom.ActitimeLoginPage.<init>(ActitimeLoginPage.java:17)
at com.Actitime.Generic.BaseClass.<init>(BaseClass.java:18)
at com.Actitime.pom.ActitimeLoginPage.<init>(ActitimeLoginPage.java:17)
at com.Actitime.Generic.BaseClass.<init>(BaseClass.java:18)
at com.Actitime.pom.ActitimeLoginPage.<init>(ActitimeLoginPage.java:17)
at com.Actitime.Generic.BaseClass.<init>(BaseClass.java:18)
at com.Actitime.pom.ActitimeLoginPage.<init>(ActitimeLoginPage.java:17)
at com.Actitime.Generic.BaseClass.<init>(BaseClass.java:18)
at com.Actitime.pom.ActitimeLoginPage.<init>(ActitimeLoginPage.java:17)
at com.Actitime.Generic.BaseClass.<init>(BaseClass.java:18)
at com.Actitime.pom.ActitimeLoginPage.<init>(ActitimeLoginPage.java:17)
at com.Actitime.Generic.BaseClass.<init>(BaseClass.java:18)
at com.Actitime.pom.ActitimeLoginPage.<init>(ActitimeLoginPage.java:17)
at com.Actitime.Generic.BaseClass.<init>(BaseClass.java:18)
at com.Actitime.pom.ActitimeLoginPage.<init>(ActitimeLoginPage.java:17)
at com.Actitime.Generic.BaseClass.<init>(BaseClass.java:18)
at com.Actitime.pom.ActitimeLoginPage.<init>(ActitimeLoginPage.java:17)
at com.Actitime.Generic.BaseClass.<init>(BaseClass.java:18)
at com.Actitime.pom.ActitimeLoginPage.<init>(ActitimeLoginPage.java:17)
at com.Actitime.Generic.BaseClass.<init>(BaseClass.java:18)
at com.Actitime.pom.ActitimeLoginPage.<init>(ActitimeLoginPage.java:17)
at com.Actitime.Generic.BaseClass.<init>(BaseClass.java:18)
at com.Actitime.pom.ActitimeLoginPage.<init>(ActitimeLoginPage.java:17)
at com.Actitime.Generic.BaseClass.<init>(BaseClass.java:18)
at com.Actitime.pom.ActitimeLoginPage.<init>(ActitimeLoginPage.java:17)
at com.Actitime.Generic.BaseClass.<init>(BaseClass.java:18)
at com.Actitime.pom.ActitimeLoginPage.<init>(ActitimeLoginPage.java:17)
at com.Actitime.Generic.BaseClass.<init>(BaseClass.java:18)
at com.Actitime.pom.ActitimeLoginPage.<init>(ActitimeLoginPage.java:17)
at com.Actitime.Generic.BaseClass.<init>(BaseClass.java:18)
at com.Actitime.pom.ActitimeLoginPage.<init>(ActitimeLoginPage.java:17)
at com.Actitime.Generic.BaseClass.<init>(BaseClass.java:18)
at com.Actitime.pom.ActitimeLoginPage.<init>(ActitimeLoginPage.java:17)
at com.Actitime.Generic.BaseClass.<init>(BaseClass.java:18)
at com.Actitime.pom.ActitimeLoginPage.<init>(ActitimeLoginPage.java:17)
at com.Actitime.Generic.BaseClass.<init>(BaseClass.java:18)
at com.Actitime.pom.ActitimeLoginPage.<init>(ActitimeLoginPage.java:17)
at com.Actitime.Generic.BaseClass.<init>(BaseClass.java:18)
at com.Actitime.pom.ActitimeLoginPage.<init>(ActitimeLoginPage.java:17)
at com.Actitime.Generic.BaseClass.<init>(BaseClass.java:18)
at com.Actitime.pom.ActitimeLoginPage.<init>(ActitimeLoginPage.java:17)
at com.Actitime.Generic.BaseClass.<init>(BaseClass.java:18)
at com.Actitime.pom.ActitimeLoginPage.<init>(ActitimeLoginPage.java:17)
at com.Actitime.Generic.BaseClass.<init>(BaseClass.java:18)
at com.Actitime.pom.ActitimeLoginPage.<init>(ActitimeLoginPage.java:17)
at com.Actitime.Generic.BaseClass.<init>(BaseClass.java:18)
at com.Actitime.pom.ActitimeLoginPage.<init>(ActitimeLoginPage.java:17)
at com.Actitime.Generic.BaseClass.<init>(BaseClass.java:18)
at com.Actitime.pom.ActitimeLoginPage.<init>(ActitimeLoginPage.java:17)
at com.Actitime.Generic.BaseClass.<init>(BaseClass.java:18)
at com.Actitime.pom.ActitimeLoginPage.<init>(ActitimeLoginPage.java:17)
at com.Actitime.Generic.BaseClass.<init>(BaseClass.java:18)
at com.Actitime.pom.ActitimeLoginPage.<init>(ActitimeLoginPage.java:17)
at com.Actitime.Generic.BaseClass.<init>(BaseClass.java:18)
at com.Actitime.pom.ActitimeLoginPage.<init>(ActitimeLoginPage.java:17)
at com.Actitime.Generic.BaseClass.<init>(BaseClass.java:18)
at com.Actitime.pom.ActitimeLoginPage.<init>(ActitimeLoginPage.java:17)
at com.Actitime.Generic.BaseClass.<init>(BaseClass.java:18)
at com.Actitime.pom.ActitimeLoginPage.<init>(ActitimeLoginPage.java:17)
at com.Actitime.Generic.BaseClass.<init>(BaseClass.java:18)
at com.Actitime.pom.ActitimeLoginPage.<init>(ActitimeLoginPage.java:17)
at com.Actitime.Generic.BaseClass.<init>(BaseClass.java:18)
at com.Actitime.pom.ActitimeLoginPage.<init>(ActitimeLoginPage.java:17)
at com.Actitime.Generic.BaseClass.<init>(BaseClass.java:18)
at com.Actitime.pom.ActitimeLoginPage.<init>(ActitimeLoginPage.java:17)
at com.Actitime.Generic.BaseClass.<init>(BaseClass.java:18)
at com.Actitime.pom.ActitimeLoginPage.<init>(ActitimeLoginPage.java:17)
at com.Actitime.Generic.BaseClass.<init>(BaseClass.java:18)
at com.Actitime.pom.ActitimeLoginPage.<init>(ActitimeLoginPage.java:17)
at com.Actitime.Generic.BaseClass.<init>(BaseClass.java:18)
at com.Actitime.pom.ActitimeLoginPage.<init>(ActitimeLoginPage.java:17)
at com.Actitime.Generic.BaseClass.<init>(BaseClass.java:18)
at com.Actitime.pom.ActitimeLoginPage.<init>(ActitimeLoginPage.java:17)
at com.Actitime.Generic.BaseClass.<init>(BaseClass.java:18)
at com.Actitime.pom.ActitimeLoginPage.<init>(ActitimeLoginPage.java:17)
at com.Actitime.Generic.BaseClass.<init>(BaseClass.java:18)
at com.Actitime.pom.ActitimeLoginPage.<init>(ActitimeLoginPage.java:17)
at com.Actitime.Generic.BaseClass.<init>(BaseClass.java:18)
at com.Actitime.pom.ActitimeLoginPage.<init>(ActitimeLoginPage.java:17)
at com.Actitime.Generic.BaseClass.<init>(BaseClass.java:18)
at com.Actitime.pom.ActitimeLoginPage.<init>(ActitimeLoginPage.java:17)
at com.Actitime.Generic.BaseClass.<init>(BaseClass.java:18)
at com.Actitime.pom.ActitimeLoginPage.<init>(ActitimeLoginPage.java:17)
at com.Actitime.Generic.BaseClass.<init>(BaseClass.java:18)
at com.Actitime.pom.ActitimeLoginPage.<init>(ActitimeLoginPage.java:17)
at com.Actitime.Generic.BaseClass.<init>(BaseClass.java:18)
at com.Actitime.pom.ActitimeLoginPage.<init>(ActitimeLoginPage.java:17)
at com.Actitime.Generic.BaseClass.<init>(BaseClass.java:18)
at com.Actitime.pom.ActitimeLoginPage.<init>(ActitimeLoginPage.java:17)
at com.Actitime.Generic.BaseClass.<init>(BaseClass.java:18)
at com.Actitime.pom.ActitimeLoginPage.<init>(ActitimeLoginPage.java:17)
at com.Actitime.Generic.BaseClass.<init>(BaseClass.java:18)
at com.Actitime.pom.ActitimeLoginPage.<init>(ActitimeLoginPage.java:17)
at com.Actitime.Generic.BaseClass.<init>(BaseClass.java:18)
at com.Actitime.pom.ActitimeLoginPage.<init>(ActitimeLoginPage.java:17)
at com.Actitime.Generic.BaseClass.<init>(BaseClass.java:18)
at com.Actitime.pom.ActitimeLoginPage.<init>(ActitimeLoginPage.java:17)
at com.Actitime.Generic.BaseClass.<init>(BaseClass.java:18)
at com.Actitime.pom.ActitimeLoginPage.<init>(ActitimeLoginPage.java:17)
at com.Actitime.Generic.BaseClass.<init>(BaseClass.java:18)
at com.Actitime.pom.ActitimeLoginPage.<init>(ActitimeLoginPage.java:17)
at com.Actitime.Generic.BaseClass.<init>(BaseClass.java:18)
at com.Actitime.pom.ActitimeLoginPage.<init>(ActitimeLoginPage.java:17)
at com.Actitime.Generic.BaseClass.<init>(BaseClass.java:18)
at com.Actitime.pom.ActitimeLoginPage.<init>(ActitimeLoginPage.java:17)
at com.Actitime.Generic.BaseClass.<init>(BaseClass.java:18)
at com.Actitime.pom.ActitimeLoginPage.<init>(ActitimeLoginPage.java:17)
at com.Actitime.Generic.BaseClass.<init>(BaseClass.java:18)
at com.Actitime.pom.ActitimeLoginPage.<init>(ActitimeLoginPage.java:17)
at com.Actitime.Generic.BaseClass.<init>(BaseClass.java:18)
at com.Actitime.pom.ActitimeLoginPage.<init>(ActitimeLoginPage.java:17)
at com.Actitime.Generic.BaseClass.<init>(BaseClass.java:18)
at com.Actitime.pom.ActitimeLoginPage.<init>(ActitimeLoginPage.java:17)
at com.Actitime.Generic.BaseClass.<init>(BaseClass.java:18)
at com.Actitime.pom.ActitimeLoginPage.<init>(ActitimeLoginPage.java:17)
at com.Actitime.Generic.BaseClass.<init>(BaseClass.java:18)
at com.Actitime.pom.ActitimeLoginPage.<init>(ActitimeLoginPage.java:17)
at com.Actitime.Generic.BaseClass.<init>(BaseClass.java:18)
at com.Actitime.pom.ActitimeLoginPage.<init>(ActitimeLoginPage.java:17)
at com.Actitime.Generic.BaseClass.<init>(BaseClass.java:18)
at com.Actitime.pom.ActitimeLoginPage.<init>(ActitimeLoginPage.java:17)
at com.Actitime.Generic.BaseClass.<init>(BaseClass.java:18)
at com.Actitime.pom.ActitimeLoginPage.<init>(ActitimeLoginPage.java:17)
at com.Actitime.Generic.BaseClass.<init>(BaseClass.java:18)
at com.Actitime.pom.ActitimeLoginPage.<init>(ActitimeLoginPage.java:17)
at com.Actitime.Generic.BaseClass.<init>(BaseClass.java:18)
at com.Actitime.pom.ActitimeLoginPage.<init>(ActitimeLoginPage.java:17)
at com.Actitime.Generic.BaseClass.<init>(BaseClass.java:18)
at com.Actitime.pom.ActitimeLoginPage.<init>(ActitimeLoginPage.java:17)
at com.Actitime.Generic.BaseClass.<init>(BaseClass.java:18)
at com.Actitime.pom.ActitimeLoginPage.<init>(ActitimeLoginPage.java:17)
at com.Actitime.Generic.BaseClass.<init>(BaseClass.java:18)
at com.Actitime.pom.ActitimeLoginPage.<init>(ActitimeLoginPage.java:17)
at com.Actitime.Generic.BaseClass.<init>(BaseClass.java:18)
at com.Actitime.pom.ActitimeLoginPage.<init>(ActitimeLoginPage.java:17)
at com.Actitime.Generic.BaseClass.<init>(BaseClass.java:18)
at com.Actitime.pom.ActitimeLoginPage.<init>(ActitimeLoginPage.java:17)
at com.Actitime.Generic.BaseClass.<init>(BaseClass.java:18)
at com.Actitime.pom.ActitimeLoginPage.<init>(ActitimeLoginPage.java:17)
at com.Actitime.Generic.BaseClass.<init>(BaseClass.java:18)
at com.Actitime.pom.ActitimeLoginPage.<init>(ActitimeLoginPage.java:17)
at com.Actitime.Generic.BaseClass.<init>(BaseClass.java:18)
at com.Actitime.pom.ActitimeLoginPage.<init>(ActitimeLoginPage.java:17)
at com.Actitime.Generic.BaseClass.<init>(BaseClass.java:18)
at com.Actitime.pom.ActitimeLoginPage.<init>(ActitimeLoginPage.java:17)
at com.Actitime.Generic.BaseClass.<init>(BaseClass.java:18)
at com.Actitime.pom.ActitimeLoginPage.<init>(ActitimeLoginPage.java:17)
at com.Actitime.Generic.BaseClass.<init>(BaseClass.java:18)
at com.Actitime.pom.ActitimeLoginPage.<init>(ActitimeLoginPage.java:17)
at com.Actitime.Generic.BaseClass.<init>(BaseClass.java:18)
at com.Actitime.pom.ActitimeLoginPage.<init>(ActitimeLoginPage.java:17)
at com.Actitime.Generic.BaseClass.<init>(BaseClass.java:18)
at com.Actitime.pom.ActitimeLoginPage.<init>(ActitimeLoginPage.java:17)
at com.Actitime.Generic.BaseClass.<init>(BaseClass.java:18)
at com.Actitime.pom.ActitimeLoginPage.<init>(ActitimeLoginPage.java:17)
at com.Actitime.Generic.BaseClass.<init>(BaseClass.java:18)
at com.Actitime.pom.ActitimeLoginPage.<init>(ActitimeLoginPage.java:17)
at com.Actitime.Generic.BaseClass.<init>(BaseClass.java:18)
at com.Actitime.pom.ActitimeLoginPage.<init>(ActitimeLoginPage.java:17)
at com.Actitime.Generic.BaseClass.<init>(BaseClass.java:18)
at com.Actitime.pom.ActitimeLoginPage.<init>(ActitimeLoginPage.java:17)
at com.Actitime.Generic.BaseClass.<init>(BaseClass.java:18)
at com.Actitime.pom.ActitimeLoginPage.<init>(ActitimeLoginPage.java:17)
at com.Actitime.Generic.BaseClass.<init>(BaseClass.java:18)
at com.Actitime.pom.ActitimeLoginPage.<init>(ActitimeLoginPage.java:17)
at com.Actitime.Generic.BaseClass.<init>(BaseClass.java:18)
at com.Actitime.pom.ActitimeLoginPage.<init>(ActitimeLoginPage.java:17)
at com.Actitime.Generic.BaseClass.<init>(BaseClass.java:18)
at com.Actitime.pom.ActitimeLoginPage.<init>(ActitimeLoginPage.java:17)
at com.Actitime.Generic.BaseClass.<init>(BaseClass.java:18)
at com.Actitime.pom.ActitimeLoginPage.<init>(ActitimeLoginPage.java:17)
at com.Actitime.Generic.BaseClass.<init>(BaseClass.java:18)
at com.Actitime.pom.ActitimeLoginPage.<init>(ActitimeLoginPage.java:17)
at com.Actitime.Generic.BaseClass.<init>(BaseClass.java:18)
at com.Actitime.pom.ActitimeLoginPage.<init>(ActitimeLoginPage.java:17)
at com.Actitime.Generic.BaseClass.<init>(BaseClass.java:18)
at com.Actitime.pom.ActitimeLoginPage.<init>(ActitimeLoginPage.java:17)
at com.Actitime.Generic.BaseClass.<init>(BaseClass.java:18)
at com.Actitime.pom.ActitimeLoginPage.<init>(ActitimeLoginPage.java:17)
at com.Actitime.Generic.BaseClass.<init>(BaseClass.java:18)
at com.Actitime.pom.ActitimeLoginPage.<init>(ActitimeLoginPage.java:17)
at com.Actitime.Generic.BaseClass.<init>(BaseClass.java:18)
at com.Actitime.pom.ActitimeLoginPage.<init>(ActitimeLoginPage.java:17)
at com.Actitime.Generic.BaseClass.<init>(BaseClass.java:18)
at com.Actitime.pom.ActitimeLoginPage.<init>(ActitimeLoginPage.java:17)
at com.Actitime.Generic.BaseClass.<init>(BaseClass.java:18)
at com.Actitime.pom.ActitimeLoginPage.<init>(ActitimeLoginPage.java:17)
at com.Actitime.Generic.BaseClass.<init>(BaseClass.java:18)
at com.Actitime.pom.ActitimeLoginPage.<init>(ActitimeLoginPage.java:17)
at com.Actitime.Generic.BaseClass.<init>(BaseClass.java:18)
at com.Actitime.pom.ActitimeLoginPage.<init>(ActitimeLoginPage.java:17)
at com.Actitime.Generic.BaseClass.<init>(BaseClass.java:18)
at com.Actitime.pom.ActitimeLoginPage.<init>(ActitimeLoginPage.java:17)
at com.Actitime.Generic.BaseClass.<init>(BaseClass.java:18)
at com.Actitime.pom.ActitimeLoginPage.<init>(ActitimeLoginPage.java:17)
at com.Actitime.Generic.BaseClass.<init>(BaseClass.java:18)
at com.Actitime.pom.ActitimeLoginPage.<init>(ActitimeLoginPage.java:17)
at com.Actitime.Generic.BaseClass.<init>(BaseClass.java:18)
at com.Actitime.pom.ActitimeLoginPage.<init>(ActitimeLoginPage.java:17)
at com.Actitime.Generic.BaseClass.<init>(BaseClass.java:18)
at com.Actitime.pom.ActitimeLoginPage.<init>(ActitimeLoginPage.java:17)
at com.Actitime.Generic.BaseClass.<init>(BaseClass.java:18)
at com.Actitime.pom.ActitimeLoginPage.<init>(ActitimeLoginPage.java:17)
at com.Actitime.Generic.BaseClass.<init>(BaseClass.java:18)
at com.Actitime.pom.ActitimeLoginPage.<init>(ActitimeLoginPage.java:17)
at com.Actitime.Generic.BaseClass.<init>(BaseClass.java:18)
at com.Actitime.pom.ActitimeLoginPage.<init>(ActitimeLoginPage.java:17)
at com.Actitime.Generic.BaseClass.<init>(BaseClass.java:18)
at com.Actitime.pom.ActitimeLoginPage.<init>(ActitimeLoginPage.java:17)
at com.Actitime.Generic.BaseClass.<init>(BaseClass.java:18)
at com.Actitime.pom.ActitimeLoginPage.<init>(ActitimeLoginPage.java:17)
at com.Actitime.Generic.BaseClass.<init>(BaseClass.java:18)
at com.Actitime.pom.ActitimeLoginPage.<init>(ActitimeLoginPage.java:17)
at com.Actitime.Generic.BaseClass.<init>(BaseClass.java:18)
at com.Actitime.pom.ActitimeLoginPage.<init>(ActitimeLoginPage.java:17)
at com.Actitime.Generic.BaseClass.<init>(BaseClass.java:18)
at com.Actitime.pom.ActitimeLoginPage.<init>(ActitimeLoginPage.java:17)
at com.Actitime.Generic.BaseClass.<init>(BaseClass.java:18)
at com.Actitime.pom.ActitimeLoginPage.<init>(ActitimeLoginPage.java:17)
at com.Actitime.Generic.BaseClass.<init>(BaseClass.java:18)
at com.Actitime.pom.ActitimeLoginPage.<init>(ActitimeLoginPage.java:17)
at com.Actitime.Generic.BaseClass.<init>(BaseClass.java:18)
at com.Actitime.pom.ActitimeLoginPage.<init>(ActitimeLoginPage.java:17)
at com.Actitime.Generic.BaseClass.<init>(BaseClass.java:18)
at com.Actitime.pom.ActitimeLoginPage.<init>(ActitimeLoginPage.java:17)
at com.Actitime.Generic.BaseClass.<init>(BaseClass.java:18)
at com.Actitime.pom.ActitimeLoginPage.<init>(ActitimeLoginPage.java:17)
at com.Actitime.Generic.BaseClass.<init>(BaseClass.java:18)
at com.Actitime.pom.ActitimeLoginPage.<init>(ActitimeLoginPage.java:17)
at com.Actitime.Generic.BaseClass.<init>(BaseClass.java:18)
at com.Actitime.pom.ActitimeLoginPage.<init>(ActitimeLoginPage.java:17)
at com.Actitime.Generic.BaseClass.<init>(BaseClass.java:18)
at com.Actitime.pom.ActitimeLoginPage.<init>(ActitimeLoginPage.java:17)
at com.Actitime.Generic.BaseClass.<init>(BaseClass.java:18)
at com.Actitime.pom.ActitimeLoginPage.<init>(ActitimeLoginPage.java:17)
at com.Actitime.Generic.BaseClass.<init>(BaseClass.java:18)
at com.Actitime.pom.ActitimeLoginPage.<init>(ActitimeLoginPage.java:17)
at com.Actitime.Generic.BaseClass.<init>(BaseClass.java:18)
at com.Actitime.pom.ActitimeLoginPage.<init>(ActitimeLoginPage.java:17)
at com.Actitime.Generic.BaseClass.<init>(BaseClass.java:18)
at com.Actitime.pom.ActitimeLoginPage.<init>(ActitimeLoginPage.java:17)
at com.Actitime.Generic.BaseClass.<init>(BaseClass.java:18)
at com.Actitime.pom.ActitimeLoginPage.<init>(ActitimeLoginPage.java:17)
at com.Actitime.Generic.BaseClass.<init>(BaseClass.java:18)
at com.Actitime.pom.ActitimeLoginPage.<init>(ActitimeLoginPage.java:17)
at com.Actitime.Generic.BaseClass.<init>(BaseClass.java:18)
at com.Actitime.pom.ActitimeLoginPage.<init>(ActitimeLoginPage.java:17)
at com.Actitime.Generic.BaseClass.<init>(BaseClass.java:18)
at com.Actitime.pom.ActitimeLoginPage.<init>(ActitimeLoginPage.java:17)
at com.Actitime.Generic.BaseClass.<init>(BaseClass.java:18)
at com.Actitime.pom.ActitimeLoginPage.<init>(ActitimeLoginPage.java:17)
at com.Actitime.Generic.BaseClass.<init>(BaseClass.java:18)
at com.Actitime.pom.ActitimeLoginPage.<init>(ActitimeLoginPage.java:17)
at com.Actitime.Generic.BaseClass.<init>(BaseClass.java:18)
at com.Actitime.pom.ActitimeLoginPage.<init>(ActitimeLoginPage.java:17)
at com.Actitime.Generic.BaseClass.<init>(BaseClass.java:18)
at com.Actitime.pom.ActitimeLoginPage.<init>(ActitimeLoginPage.java:17)
at com.Actitime.Generic.BaseClass.<init>(BaseClass.java:18)
at com.Actitime.pom.ActitimeLoginPage.<init>(ActitimeLoginPage.java:17)
at com.Actitime.Generic.BaseClass.<init>(BaseClass.java:18)
at com.Actitime.pom.ActitimeLoginPage.<init>(ActitimeLoginPage.java:17)
at com.Actitime.Generic.BaseClass.<init>(BaseClass.java:18)
at com.Actitime.pom.ActitimeLoginPage.<init>(ActitimeLoginPage.java:17)
at com.Actitime.Generic.BaseClass.<init>(BaseClass.java:18)
at com.Actitime.pom.ActitimeLoginPage.<init>(ActitimeLoginPage.java:17)
at com.Actitime.Generic.BaseClass.<init>(BaseClass.java:18)
at com.Actitime.pom.ActitimeLoginPage.<init>(ActitimeLoginPage.java:17)
at com.Actitime.Generic.BaseClass.<init>(BaseClass.java:18)
at com.Actitime.pom.ActitimeLoginPage.<init>(ActitimeLoginPage.java:17)
at com.Actitime.Generic.BaseClass.<init>(BaseClass.java:18)
at com.Actitime.pom.ActitimeLoginPage.<init>(ActitimeLoginPage.java:17)
at com.Actitime.Generic.BaseClass.<init>(BaseClass.java:18)
at com.Actitime.pom.ActitimeLoginPage.<init>(ActitimeLoginPage.java:17)
at com.Actitime.Generic.BaseClass.<init>(BaseClass.java:18)
at com.Actitime.pom.ActitimeLoginPage.<init>(ActitimeLoginPage.java:17)
at com.Actitime.Generic.BaseClass.<init>(BaseClass.java:18)
at com.Actitime.pom.ActitimeLoginPage.<init>(ActitimeLoginPage.java:17)
at com.Actitime.Generic.BaseClass.<init>(BaseClass.java:18)
at com.Actitime.pom.ActitimeLoginPage.<init>(ActitimeLoginPage.java:17)
at com.Actitime.Generic.BaseClass.<init>(BaseClass.java:18)
at com.Actitime.pom.ActitimeLoginPage.<init>(ActitimeLoginPage.java:17)
at com.Actitime.Generic.BaseClass.<init>(BaseClass.java:18)
at com.Actitime.pom.ActitimeLoginPage.<init>(ActitimeLoginPage.java:17)
at com.Actitime.Generic.BaseClass.<init>(BaseClass.java:18)
at com.Actitime.pom.ActitimeLoginPage.<init>(ActitimeLoginPage.java:17)
at com.Actitime.Generic.BaseClass.<init>(BaseClass.java:18)
at com.Actitime.pom.ActitimeLoginPage.<init>(ActitimeLoginPage.java:17)
at com.Actitime.Generic.BaseClass.<init>(BaseClass.java:18)
at com.Actitime.pom.ActitimeLoginPage.<init>(ActitimeLoginPage.java:17)
at com.Actitime.Generic.BaseClass.<init>(BaseClass.java:18)
at com.Actitime.pom.ActitimeLoginPage.<init>(ActitimeLoginPage.java:17)
at com.Actitime.Generic.BaseClass.<init>(BaseClass.java:18)
at com.Actitime.pom.ActitimeLoginPage.<init>(ActitimeLoginPage.java:17)
at com.Actitime.Generic.BaseClass.<init>(BaseClass.java:18)
at com.Actitime.pom.ActitimeLoginPage.<init>(ActitimeLoginPage.java:17)
at com.Actitime.Generic.BaseClass.<init>(BaseClass.java:18)
at com.Actitime.pom.ActitimeLoginPage.<init>(ActitimeLoginPage.java:17)
at com.Actitime.Generic.BaseClass.<init>(BaseClass.java:18)
at com.Actitime.pom.ActitimeLoginPage.<init>(ActitimeLoginPage.java:17)
at com.Actitime.Generic.BaseClass.<init>(BaseClass.java:18)
at com.Actitime.pom.ActitimeLoginPage.<init>(ActitimeLoginPage.java:17)
at com.Actitime.Generic.BaseClass.<init>(BaseClass.java:18)
at com.Actitime.pom.ActitimeLoginPage.<init>(ActitimeLoginPage.java:17)
at com.Actitime.Generic.BaseClass.<init>(BaseClass.java:18)
at com.Actitime.pom.ActitimeLoginPage.<init>(ActitimeLoginPage.java:17)
at com.Actitime.Generic.BaseClass.<init>(BaseClass.java:18)
at com.Actitime.pom.ActitimeLoginPage.<init>(ActitimeLoginPage.java:17)
at com.Actitime.Generic.BaseClass.<init>(BaseClass.java:18)
at com.Actitime.pom.ActitimeLoginPage.<init>(ActitimeLoginPage.java:17)
at com.Actitime.Generic.BaseClass.<init>(BaseClass.java:18)
at com.Actitime.pom.ActitimeLoginPage.<init>(ActitimeLoginPage.java:17)
at com.Actitime.Generic.BaseClass.<init>(BaseClass.java:18)
at com.Actitime.pom.ActitimeLoginPage.<init>(ActitimeLoginPage.java:17)
at com.Actitime.Generic.BaseClass.<init>(BaseClass.java:18)
at com.Actitime.pom.ActitimeLoginPage.<init>(ActitimeLoginPage.java:17)
at com.Actitime.Generic.BaseClass.<init>(BaseClass.java:18)
at com.Actitime.pom.ActitimeLoginPage.<init>(ActitimeLoginPage.java:17)
at com.Actitime.Generic.BaseClass.<init>(BaseClass.java:18)
at com.Actitime.pom.ActitimeLoginPage.<init>(ActitimeLoginPage.java:17)
at com.Actitime.Generic.BaseClass.<init>(BaseClass.java:18)
at com.Actitime.pom.ActitimeLoginPage.<init>(ActitimeLoginPage.java:17)
at com.Actitime.Generic.BaseClass.<init>(BaseClass.java:18)
at com.Actitime.pom.ActitimeLoginPage.<init>(ActitimeLoginPage.java:17)
at com.Actitime.Generic.BaseClass.<init>(BaseClass.java:18)
at com.Actitime.pom.ActitimeLoginPage.<init>(ActitimeLoginPage.java:17)
at com.Actitime.Generic.BaseClass.<init>(BaseClass.java:18)
at com.Actitime.pom.ActitimeLoginPage.<init>(ActitimeLoginPage.java:17)
at com.Actitime.Generic.BaseClass.<init>(BaseClass.java:18)
at com.Actitime.pom.ActitimeLoginPage.<init>(ActitimeLoginPage.java:17)
at com.Actitime.Generic.BaseClass.<init>(BaseClass.java:18)
at com.Actitime.pom.ActitimeLoginPage.<init>(ActitimeLoginPage.java:17)
at com.Actitime.Generic.BaseClass.<init>(BaseClass.java:18)
at com.Actitime.pom.ActitimeLoginPage.<init>(ActitimeLoginPage.java:17)
at com.Actitime.Generic.BaseClass.<init>(BaseClass.java:18)
at com.Actitime.pom.ActitimeLoginPage.<init>(ActitimeLoginPage.java:17)
at com.Actitime.Generic.BaseClass.<init>(BaseClass.java:18)
at com.Actitime.pom.ActitimeLoginPage.<init>(ActitimeLoginPage.java:17)
at com.Actitime.Generic.BaseClass.<init>(BaseClass.java:18)
at com.Actitime.pom.ActitimeLoginPage.<init>(ActitimeLoginPage.java:17)
at com.Actitime.Generic.BaseClass.<init>(BaseClass.java:18)
at com.Actitime.pom.ActitimeLoginPage.<init>(ActitimeLoginPage.java:17)
at com.Actitime.Generic.BaseClass.<init>(BaseClass.java:18)
at com.Actitime.pom.ActitimeLoginPage.<init>(ActitimeLoginPage.java:17)
at com.Actitime.Generic.BaseClass.<init>(BaseClass.java:18)
at com.Actitime.pom.ActitimeLoginPage.<init>(ActitimeLoginPage.java:17)
at com.Actitime.Generic.BaseClass.<init>(BaseClass.java:18)
at com.Actitime.pom.ActitimeLoginPage.<init>(ActitimeLoginPage.java:17)
at com.Actitime.Generic.BaseClass.<init>(BaseClass.java:18)
at com.Actitime.pom.ActitimeLoginPage.<init>(ActitimeLoginPage.java:17)
at com.Actitime.Generic.BaseClass.<init>(BaseClass.java:18)
at com.Actitime.pom.ActitimeLoginPage.<init>(ActitimeLoginPage.java:17)
at com.Actitime.Generic.BaseClass.<init>(BaseClass.java:18)
at com.Actitime.pom.ActitimeLoginPage.<init>(ActitimeLoginPage.java:17)
at com.Actitime.Generic.BaseClass.<init>(BaseClass.java:18)
at com.Actitime.pom.ActitimeLoginPage.<init>(ActitimeLoginPage.java:17)
at com.Actitime.Generic.BaseClass.<init>(BaseClass.java:18)
at com.Actitime.pom.ActitimeLoginPage.<init>(ActitimeLoginPage.java:17)
at com.Actitime.Generic.BaseClass.<init>(BaseClass.java:18)
at com.Actitime.pom.ActitimeLoginPage.<init>(ActitimeLoginPage.java:17)
at com.Actitime.Generic.BaseClass.<init>(BaseClass.java:18)
at com.Actitime.pom.ActitimeLoginPage.<init>(ActitimeLoginPage.java:17)
at com.Actitime.Generic.BaseClass.<init>(BaseClass.java:18)
at com.Actitime.pom.ActitimeLoginPage.<init>(ActitimeLoginPage.java:17)
at com.Actitime.Generic.BaseClass.<init>(BaseClass.java:18)
at com.Actitime.pom.ActitimeLoginPage.<init>(ActitimeLoginPage.java:17)
at com.Actitime.Generic.BaseClass.<init>(BaseClass.java:18)
at com.Actitime.pom.ActitimeLoginPage.<init>(ActitimeLoginPage.java:17)
at com.Actitime.Generic.BaseClass.<init>(BaseClass.java:18)
at com.Actitime.pom.ActitimeLoginPage.<init>(ActitimeLoginPage.java:17)
at com.Actitime.Generic.BaseClass.<init>(BaseClass.java:18)
at com.Actitime.pom.ActitimeLoginPage.<init>(ActitimeLoginPage.java:17)
at com.Actitime.Generic.BaseClass.<init>(BaseClass.java:18)
at com.Actitime.pom.ActitimeLoginPage.<init>(ActitimeLoginPage.java:17)
at com.Actitime.Generic.BaseClass.<init>(BaseClass.java:18)
at com.Actitime.pom.ActitimeLoginPage.<init>(ActitimeLoginPage.java:17)
at com.Actitime.Generic.BaseClass.<init>(BaseClass.java:18)
at com.Actitime.pom.ActitimeLoginPage.<init>(ActitimeLoginPage.java:17)
at com.Actitime.Generic.BaseClass.<init>(BaseClass.java:18)
at com.Actitime.pom.ActitimeLoginPage.<init>(ActitimeLoginPage.java:17)
at com.Actitime.Generic.BaseClass.<init>(BaseClass.java:18)
at com.Actitime.pom.ActitimeLoginPage.<init>(ActitimeLoginPage.java:17)
at com.Actitime.Generic.BaseClass.<init>(BaseClass.java:18)
at com.Actitime.pom.ActitimeLoginPage.<init>(ActitimeLoginPage.java:17)
at com.Actitime.Generic.BaseClass.<init>(BaseClass.java:18)
at com.Actitime.pom.ActitimeLoginPage.<init>(ActitimeLoginPage.java:17)
at com.Actitime.Generic.BaseClass.<init>(BaseClass.java:18)
at com.Actitime.pom.ActitimeLoginPage.<init>(ActitimeLoginPage.java:17)
at com.Actitime.Generic.BaseClass.<init>(BaseClass.java:18)
at com.Actitime.pom.ActitimeLoginPage.<init>(ActitimeLoginPage.java:17)
at com.Actitime.Generic.BaseClass.<init>(BaseClass.java:18)
at com.Actitime.pom.ActitimeLoginPage.<init>(ActitimeLoginPage.java:17)
at com.Actitime.Generic.BaseClass.<init>(BaseClass.java:18)
at com.Actitime.pom.ActitimeLoginPage.<init>(ActitimeLoginPage.java:17)
at com.Actitime.Generic.BaseClass.<init>(BaseClass.java:18)
at com.Actitime.pom.ActitimeLoginPage.<init>(ActitimeLoginPage.java:17)
at com.Actitime.Generic.BaseClass.<init>(BaseClass.java:18)
at com.Actitime.pom.ActitimeLoginPage.<init>(ActitimeLoginPage.java:17)
at com.Actitime.Generic.BaseClass.<init>(BaseClass.java:18)
at com.Actitime.pom.ActitimeLoginPage.<init>(ActitimeLoginPage.java:17)
at com.Actitime.Generic.BaseClass.<init>(BaseClass.java:18)
at com.Actitime.pom.ActitimeLoginPage.<init>(ActitimeLoginPage.java:17)
at com.Actitime.Generic.BaseClass.<init>(BaseClass.java:18)
at com.Actitime.pom.ActitimeLoginPage.<init>(ActitimeLoginPage.java:17)
at com.Actitime.Generic.BaseClass.<init>(BaseClass.java:18)
at com.Actitime.pom.ActitimeLoginPage.<init>(ActitimeLoginPage.java:17)
at com.Actitime.Generic.BaseClass.<init>(BaseClass.java:18)
at com.Actitime.pom.ActitimeLoginPage.<init>(ActitimeLoginPage.java:17)
at com.Actitime.Generic.BaseClass.<init>(BaseClass.java:18)
at com.Actitime.pom.ActitimeLoginPage.<init>(ActitimeLoginPage.java:17)
at com.Actitime.Generic.BaseClass.<init>(BaseClass.java:18)
at com.Actitime.pom.ActitimeLoginPage.<init>(ActitimeLoginPage.java:17)
at com.Actitime.Generic.BaseClass.<init>(BaseClass.java:18)
at com.Actitime.pom.ActitimeLoginPage.<init>(ActitimeLoginPage.java:17)
at com.Actitime.Generic.BaseClass.<init>(BaseClass.java:18)
at com.Actitime.pom.ActitimeLoginPage.<init>(ActitimeLoginPage.java:17)
at com.Actitime.Generic.BaseClass.<init>(BaseClass.java:18)
at com.Actitime.pom.ActitimeLoginPage.<init>(ActitimeLoginPage.java:17)
at com.Actitime.Generic.BaseClass.<init>(BaseClass.java:18)
at com.Actitime.pom.ActitimeLoginPage.<init>(ActitimeLoginPage.java:17)
at com.Actitime.Generic.BaseClass.<init>(BaseClass.java:18)
at com.Actitime.pom.ActitimeLoginPage.<init>(ActitimeLoginPage.java:17)
at com.Actitime.Generic.BaseClass.<init>(BaseClass.java:18)
at com.Actitime.pom.ActitimeLoginPage.<init>(ActitimeLoginPage.java:17)
at com.Actitime.Generic.BaseClass.<init>(BaseClass.java:18)
at com.Actitime.pom.ActitimeLoginPage.<init>(ActitimeLoginPage.java:17)
at com.Actitime.Generic.BaseClass.<init>(BaseClass.java:18)
at com.Actitime.pom.ActitimeLoginPage.<init>(ActitimeLoginPage.java:17)
at com.Actitime.Generic.BaseClass.<init>(BaseClass.java:18)
at com.Actitime.pom.ActitimeLoginPage.<init>(ActitimeLoginPage.java:17)
at com.Actitime.Generic.BaseClass.<init>(BaseClass.java:18)
at com.Actitime.pom.ActitimeLoginPage.<init>(ActitimeLoginPage.java:17)
at com.Actitime.Generic.BaseClass.<init>(BaseClass.java:18)
at com.Actitime.pom.ActitimeLoginPage.<init>(ActitimeLoginPage.java:17)
at com.Actitime.Generic.BaseClass.<init>(BaseClass.java:18)
at com.Actitime.pom.ActitimeLoginPage.<init>(ActitimeLoginPage.java:17)
at com.Actitime.Generic.BaseClass.<init>(BaseClass.java:18)
at com.Actitime.pom.ActitimeLoginPage.<init>(ActitimeLoginPage.java:17)
at com.Actitime.Generic.BaseClass.<init>(BaseClass.java:18)
at com.Actitime.pom.ActitimeLoginPage.<init>(ActitimeLoginPage.java:17)
at com.Actitime.Generic.BaseClass.<init>(BaseClass.java:18)
at com.Actitime.pom.ActitimeLoginPage.<init>(ActitimeLoginPage.java:17)
at com.Actitime.Generic.BaseClass.<init>(BaseClass.java:18)
at com.Actitime.pom.ActitimeLoginPage.<init>(ActitimeLoginPage.java:17)
at com.Actitime.Generic.BaseClass.<init>(BaseClass.java:18)
at com.Actitime.pom.ActitimeLoginPage.<init>(ActitimeLoginPage.java:17)
at com.Actitime.Generic.BaseClass.<init>(BaseClass.java:18)
at com.Actitime.pom.ActitimeLoginPage.<init>(ActitimeLoginPage.java:17)
at com.Actitime.Generic.BaseClass.<init>(BaseClass.java:18)
at com.Actitime.pom.ActitimeLoginPage.<init>(ActitimeLoginPage.java:17)
at com.Actitime.Generic.BaseClass.<init>(BaseClass.java:18)
at com.Actitime.pom.ActitimeLoginPage.<init>(ActitimeLoginPage.java:17)
at com.Actitime.Generic.BaseClass.<init>(BaseClass.java:18)
at com.Actitime.pom.ActitimeLoginPage.<init>(ActitimeLoginPage.java:17)
at com.Actitime.Generic.BaseClass.<init>(BaseClass.java:18)
at com.Actitime.pom.ActitimeLoginPage.<init>(ActitimeLoginPage.java:17)
at com.Actitime.Generic.BaseClass.<init>(BaseClass.java:18)
at com.Actitime.pom.ActitimeLoginPage.<init>(ActitimeLoginPage.java:17)
at com.Actitime.Generic.BaseClass.<init>(BaseClass.java:18)
at com.Actitime.pom.ActitimeLoginPage.<init>(ActitimeLoginPage.java:17)
at com.Actitime.Generic.BaseClass.<init>(BaseClass.java:18)
at com.Actitime.pom.ActitimeLoginPage.<init>(ActitimeLoginPage.java:17)
at com.Actitime.Generic.BaseClass.<init>(BaseClass.java:18)
at com.Actitime.pom.ActitimeLoginPage.<init>(ActitimeLoginPage.java:17)
at com.Actitime.Generic.BaseClass.<init>(BaseClass.java:18)
at com.Actitime.pom.ActitimeLoginPage.<init>(ActitimeLoginPage.java:17)
at com.Actitime.Generic.BaseClass.<init>(BaseClass.java:18)
at com.Actitime.pom.ActitimeLoginPage.<init>(ActitimeLoginPage.java:17)
at com.Actitime.Generic.BaseClass.<init>(BaseClass.java:18)
at com.Actitime.pom.ActitimeLoginPage.<init>(ActitimeLoginPage.java:17)
at com.Actitime.Generic.BaseClass.<init>(BaseClass.java:18)
at com.Actitime.pom.ActitimeLoginPage.<init>(ActitimeLoginPage.java:17)
at com.Actitime.Generic.BaseClass.<init>(BaseClass.java:18)
at com.Actitime.pom.ActitimeLoginPage.<init>(ActitimeLoginPage.java:17)
at com.Actitime.Generic.BaseClass.<init>(BaseClass.java:18)
at com.Actitime.pom.ActitimeLoginPage.<init>(ActitimeLoginPage.java:17)
at com.Actitime.Generic.BaseClass.<init>(BaseClass.java:18)
at com.Actitime.pom.ActitimeLoginPage.<init>(ActitimeLoginPage.java:17)
at com.Actitime.Generic.BaseClass.<init>(BaseClass.java:18)
at com.Actitime.pom.ActitimeLoginPage.<init>(ActitimeLoginPage.java:17)
at com.Actitime.Generic.BaseClass.<init>(BaseClass.java:18)
at com.Actitime.pom.ActitimeLoginPage.<init>(ActitimeLoginPage.java:17)
at com.Actitime.Generic.BaseClass.<init>(BaseClass.java:18)
at com.Actitime.pom.ActitimeLoginPage.<init>(ActitimeLoginPage.java:17)
]]>
    </error>
  </testcase> <!-- actitme -->
</testsuite> <!-- com.Actitme.testscripts.TestMainMethod -->
