<?xml version="1.0" encoding="UTF-8"?>
<!-- Generated by org.testng.reporters.JUnitReportReporter -->
<testsuite hostname="DESKTOP-GNM24T0" failures="0" tests="3" name="com.Actitme.testscripts.ActitimeTestClass" time="48.912" errors="0" timestamp="2023-07-25T21:40:02 IST" skipped="0">
  <testcase classname="com.Actitme.testscripts.ActitimeTestClass" name="createProjectTest" time="19.080">
    <system-out>
      <![CDATA[Test started
Pass: Project has created successfully and it is verified.
Test success]]>
    </system-out>
  </testcase> <!-- createProjectTest -->
  <testcase classname="com.Actitme.testscripts.ActitimeTestClass" name="createCustomerTest" time="17.124">
    <system-out>
      <![CDATA[Test started
Pass: Customer has Created Successfully and it is verified
Test success]]>
    </system-out>
  </testcase> <!-- createCustomerTest -->
  <testcase classname="com.Actitme.testscripts.ActitimeTestClass" name="createTaskTest" time="12.708">
    <system-out>
      <![CDATA[Test started
Pass: Task has created successfully and it is verified.
Test success]]>
    </system-out>
  </testcase> <!-- createTaskTest -->
  <system-out>
    <![CDATA[Test started
Pass: Customer has Created Successfully and it is verified
Test success
Test started
Pass: Project has created successfully and it is verified.
Test success
Test started
Pass: Task has created successfully and it is verified.
Test success]]>
  </system-out>
</testsuite> <!-- com.Actitme.testscripts.ActitimeTestClass -->
